#
# There is insufficient memory for the Java Runtime Environment to continue.
# Native memory allocation (malloc) failed to allocate 1245392 bytes for Chunk::new
# Possible reasons:
#   The system is out of physical RAM or swap space
#   The process is running with CompressedOops enabled, and the Java Heap may be blocking the growth of the native heap
# Possible solutions:
#   Reduce memory load on the system
#   Increase physical memory or swap space
#   Check if swap backing store is full
#   Decrease Java heap size (-Xmx/-Xms)
#   Decrease number of Java threads
#   Decrease Java thread stack sizes (-Xss)
#   Set larger code cache with -XX:ReservedCodeCacheSize=
#   JVM is running with Zero Based Compressed Oops mode in which the Java heap is
#     placed in the first 32GB address space. The Java Heap base address is the
#     maximum limit for the native heap growth. Please use -XX:HeapBaseMinAddress
#     to set the Java Heap base and to place the Java Heap above 32GB virtual address.
# This output file may be truncated or incomplete.
#
#  Out of Memory Error (arena.cpp:189), pid=26420, tid=14728
#
# JRE version: Java(TM) SE Runtime Environment (17.0.1+12) (build 17.0.1+12-LTS-39)
# Java VM: Java HotSpot(TM) 64-Bit Server VM (17.0.1+12-LTS-39, mixed mode, sharing, tiered, compressed oops, compressed class ptrs, g1 gc, windows-amd64)
# No core dump will be written. Minidumps are not enabled by default on client versions of Windows
#

---------------  S U M M A R Y ------------

Command Line: --add-opens=java.base/java.util=ALL-UNNAMED --add-opens=java.base/java.lang=ALL-UNNAMED --add-opens=java.base/java.lang.invoke=ALL-UNNAMED --add-opens=java.base/java.util=ALL-UNNAMED --add-opens=java.prefs/java.util.prefs=ALL-UNNAMED --add-opens=java.prefs/java.util.prefs=ALL-UNNAMED --add-opens=java.base/java.nio.charset=ALL-UNNAMED --add-opens=java.base/java.net=ALL-UNNAMED --add-opens=java.base/java.util.concurrent.atomic=ALL-UNNAMED -Xmx4096M -Dfile.encoding=utf8 -Duser.country=US -Duser.language=en -Duser.variant org.gradle.launcher.daemon.bootstrap.GradleDaemon 7.5.1

Host: Intel(R) Core(TM) i7-7700K CPU @ 4.20GHz, 8 cores, 15G,  Windows 10 , 64 bit Build 19041 (10.0.19041.2364)
Time: Wed Jan 25 21:36:38 2023 GTB Standard Time elapsed time: 22.786898 seconds (0d 0h 0m 22s)

---------------  T H R E A D  ---------------

Current thread (0x000001e6eb2bc830):  JavaThread "C2 CompilerThread2" daemon [_thread_in_native, id=14728, stack(0x000000796db00000,0x000000796dc00000)]


Current CompileTask:
C2:  22786 9989       4       net.fabricmc.mappingio.format.Tiny2Reader::readMethod (362 bytes)

Stack: [0x000000796db00000,0x000000796dc00000]
Native frames: (J=compiled Java code, j=interpreted, Vv=VM code, C=native code)
V  [jvm.dll+0x66fa1a]
V  [jvm.dll+0x7ce5a4]
V  [jvm.dll+0x7cfd4e]
V  [jvm.dll+0x7d03b3]
V  [jvm.dll+0x242b05]
V  [jvm.dll+0xaa05b]
V  [jvm.dll+0xaa5ec]
V  [jvm.dll+0x35fa07]
V  [jvm.dll+0x1b9918]
V  [jvm.dll+0x215d49]
V  [jvm.dll+0x215011]
V  [jvm.dll+0x1a168d]
V  [jvm.dll+0x224848]
V  [jvm.dll+0x2229ac]
V  [jvm.dll+0x78435b]
V  [jvm.dll+0x77e91a]
V  [jvm.dll+0x66e845]
C  [ucrtbase.dll+0x21bb2]
C  [KERNEL32.DLL+0x17614]
C  [ntdll.dll+0x526a1]


---------------  P R O C E S S  ---------------

Threads class SMR info:
_java_thread_list=0x000001e6ea5473b0, length=89, elements={
0x000001e6c14ba2d0, 0x000001e6e422f160, 0x000001e6e422fee0, 0x000001e6e4248320,
0x000001e6e4248be0, 0x000001e6e42494a0, 0x000001e6e4251d70, 0x000001e6e4255f10,
0x000001e6e42768d0, 0x000001e6e4c10060, 0x000001e6e4d328f0, 0x000001e6e4d375f0,
0x000001e6e6589e00, 0x000001e6e6dad140, 0x000001e6e64775a0, 0x000001e6e671b500,
0x000001e6e680ba90, 0x000001e6e69c6550, 0x000001e6e69c5bb0, 0x000001e6e69c3060,
0x000001e6e69c3530, 0x000001e6e69c5210, 0x000001e6e69c56e0, 0x000001e6ea1a73a0,
0x000001e6ea1a6060, 0x000001e6ea1a7870, 0x000001e6ea1a1830, 0x000001e6ea1a51f0,
0x000001e6ea1a6ed0, 0x000001e6eb2fd8b0, 0x000001e6eb2f6060, 0x000001e6eb2f6530,
0x000001e6eb2f73a0, 0x000001e6e62495f0, 0x000001e6e6249120, 0x000001e6e6245c30,
0x000001e6e6245290, 0x000001e6e6247440, 0x000001e6e6249ac0, 0x000001e6e6249f90,
0x000001e6e624a460, 0x000001e6e6246100, 0x000001e6e624a930, 0x000001e6e624ae00,
0x000001e6e6246f70, 0x000001e6e62435b0, 0x000001e6e6243f50, 0x000001e6e6245760,
0x000001e6e62448f0, 0x000001e6e6246aa0, 0x000001e6eb2f9a20, 0x000001e6eb2f7d40,
0x000001e6eb2f6a00, 0x000001e6eb2fd3e0, 0x000001e6eb2fa3c0, 0x000001e6eb2fbbd0,
0x000001e6eb2f8210, 0x000001e6eb2f9ef0, 0x000001e6eb2fb230, 0x000001e6eb2f86e0,
0x000001e6eb2fad60, 0x000001e6eb2fc0a0, 0x000001e6eb2f8bb0, 0x000001e6eb2fca40,
0x000001e6eb2f9080, 0x000001e6eb2f9550, 0x000001e6eb2fa890, 0x000001e6eb2fb700,
0x000001e6eb2fcf10, 0x000001e6eb2fc570, 0x000001e6ea1a1d00, 0x000001e6ea1a56c0,
0x000001e6ea1a4850, 0x000001e6ea1a4d20, 0x000001e6ea1a21d0, 0x000001e6ea1a5b90,
0x000001e6ea1a3510, 0x000001e6ea1a6a00, 0x000001e6ea1a7d40, 0x000001e6ea1a8210,
0x000001e6ea1a86e0, 0x000001e6ea1a26a0, 0x000001e6ea1a2b70, 0x000001e6ea0b82d0,
0x000001e6ea0b65f0, 0x000001e6ea0bbc90, 0x000001e6ea0b5c50, 0x000001e6e518dbc0,
0x000001e6eb2bc830
}

Java Threads: ( => current thread )
  0x000001e6c14ba2d0 JavaThread "main" [_thread_blocked, id=13784, stack(0x0000007967100000,0x0000007967200000)]
  0x000001e6e422f160 JavaThread "Reference Handler" daemon [_thread_blocked, id=26384, stack(0x0000007967800000,0x0000007967900000)]
  0x000001e6e422fee0 JavaThread "Finalizer" daemon [_thread_blocked, id=26408, stack(0x0000007967900000,0x0000007967a00000)]
  0x000001e6e4248320 JavaThread "Signal Dispatcher" daemon [_thread_blocked, id=13740, stack(0x0000007967a00000,0x0000007967b00000)]
  0x000001e6e4248be0 JavaThread "Attach Listener" daemon [_thread_blocked, id=26560, stack(0x0000007967b00000,0x0000007967c00000)]
  0x000001e6e42494a0 JavaThread "Service Thread" daemon [_thread_blocked, id=11708, stack(0x0000007967c00000,0x0000007967d00000)]
  0x000001e6e4251d70 JavaThread "Monitor Deflation Thread" daemon [_thread_blocked, id=23944, stack(0x0000007967d00000,0x0000007967e00000)]
  0x000001e6e4255f10 JavaThread "C2 CompilerThread0" daemon [_thread_in_native, id=17200, stack(0x0000007967e00000,0x0000007967f00000)]
  0x000001e6e42768d0 JavaThread "C1 CompilerThread0" daemon [_thread_blocked, id=25120, stack(0x0000007967f00000,0x0000007968000000)]
  0x000001e6e4c10060 JavaThread "Sweeper thread" daemon [_thread_blocked, id=7288, stack(0x0000007968000000,0x0000007968100000)]
  0x000001e6e4d328f0 JavaThread "Common-Cleaner" daemon [_thread_blocked, id=16144, stack(0x0000007968100000,0x0000007968200000)]
  0x000001e6e4d375f0 JavaThread "Notification Thread" daemon [_thread_blocked, id=9808, stack(0x0000007968200000,0x0000007968300000)]
  0x000001e6e6589e00 JavaThread "Daemon health stats" [_thread_blocked, id=14604, stack(0x0000007968b00000,0x0000007968c00000)]
  0x000001e6e6dad140 JavaThread "Incoming local TCP Connector on port 55532" [_thread_in_native, id=3264, stack(0x0000007968c00000,0x0000007968d00000)]
  0x000001e6e64775a0 JavaThread "Daemon periodic checks" [_thread_blocked, id=23960, stack(0x0000007968d00000,0x0000007968e00000)]
  0x000001e6e671b500 JavaThread "Daemon" [_thread_blocked, id=3920, stack(0x0000007968e00000,0x0000007968f00000)]
  0x000001e6e680ba90 JavaThread "Daemon worker" [_thread_in_Java, id=2824, stack(0x0000007969100000,0x0000007969200000)]
  0x000001e6e69c6550 JavaThread "Cache worker for journal cache (C:\Users\Hunor\.gradle\caches\journal-1)" [_thread_blocked, id=21308, stack(0x0000007969500000,0x0000007969600000)]
  0x000001e6e69c5bb0 JavaThread "File lock request listener" [_thread_in_native, id=6448, stack(0x0000007969600000,0x0000007969700000)]
  0x000001e6e69c3060 JavaThread "Cache worker for file hash cache (C:\Users\Hunor\.gradle\caches\7.5.1\fileHashes)" [_thread_blocked, id=16760, stack(0x0000007969700000,0x0000007969800000)]
  0x000001e6e69c3530 JavaThread "File watcher server" daemon [_thread_in_native, id=23684, stack(0x0000007969800000,0x0000007969900000)]
  0x000001e6e69c5210 JavaThread "File watcher consumer" daemon [_thread_blocked, id=20960, stack(0x0000007969900000,0x0000007969a00000)]
  0x000001e6e69c56e0 JavaThread "Cache worker for file content cache (C:\Users\Hunor\.gradle\caches\7.5.1\fileContent)" [_thread_blocked, id=25180, stack(0x0000007969c00000,0x0000007969d00000)]
  0x000001e6ea1a73a0 JavaThread "Cache worker for execution history cache (C:\Users\Hunor\.gradle\caches\7.5.1\executionHistory)" [_thread_blocked, id=18208, stack(0x000000796a200000,0x000000796a300000)]
  0x000001e6ea1a6060 JavaThread "jar transforms" [_thread_blocked, id=16540, stack(0x000000796a300000,0x000000796a400000)]
  0x000001e6ea1a7870 JavaThread "jar transforms Thread 2" [_thread_blocked, id=7120, stack(0x000000796a400000,0x000000796a500000)]
  0x000001e6ea1a1830 JavaThread "jar transforms Thread 3" [_thread_blocked, id=10984, stack(0x000000796a500000,0x000000796a600000)]
  0x000001e6ea1a51f0 JavaThread "jar transforms Thread 4" [_thread_blocked, id=18620, stack(0x000000796a600000,0x000000796a700000)]
  0x000001e6ea1a6ed0 JavaThread "jar transforms Thread 5" [_thread_blocked, id=22952, stack(0x000000796a800000,0x000000796a900000)]
  0x000001e6eb2fd8b0 JavaThread "jar transforms Thread 6" [_thread_blocked, id=12940, stack(0x000000796ca00000,0x000000796cb00000)]
  0x000001e6eb2f6060 JavaThread "jar transforms Thread 7" [_thread_blocked, id=20560, stack(0x000000796cb00000,0x000000796cc00000)]
  0x000001e6eb2f6530 JavaThread "jar transforms Thread 8" [_thread_blocked, id=21932, stack(0x000000796cc00000,0x000000796cd00000)]
  0x000001e6eb2f73a0 JavaThread "Memory manager" [_thread_blocked, id=6868, stack(0x000000796cd00000,0x000000796ce00000)]
  0x000001e6e62495f0 JavaThread "ForkJoinPool.commonPool-worker-1" daemon [_thread_blocked, id=24980, stack(0x000000796ce00000,0x000000796cf00000)]
  0x000001e6e6249120 JavaThread "ForkJoinPool.commonPool-worker-2" daemon [_thread_blocked, id=21040, stack(0x000000796d000000,0x000000796d100000)]
  0x000001e6e6245c30 JavaThread "ForkJoinPool.commonPool-worker-3" daemon [_thread_blocked, id=10436, stack(0x000000796d600000,0x000000796d700000)]
  0x000001e6e6245290 JavaThread "ForkJoinPool.commonPool-worker-4" daemon [_thread_blocked, id=17952, stack(0x000000796d700000,0x000000796d800000)]
  0x000001e6e6247440 JavaThread "ForkJoinPool.commonPool-worker-5" daemon [_thread_blocked, id=20120, stack(0x000000796d800000,0x000000796d900000)]
  0x000001e6e6249ac0 JavaThread "ForkJoinPool.commonPool-worker-6" daemon [_thread_blocked, id=26444, stack(0x000000796d900000,0x000000796da00000)]
  0x000001e6e6249f90 JavaThread "ForkJoinPool.commonPool-worker-7" daemon [_thread_blocked, id=5216, stack(0x000000796da00000,0x000000796db00000)]
  0x000001e6e624a460 JavaThread "Handler for socket connection from /127.0.0.1:55532 to /127.0.0.1:55540" [_thread_in_native, id=13868, stack(0x0000007968400000,0x0000007968500000)]
  0x000001e6e6246100 JavaThread "Cancel handler" [_thread_blocked, id=8048, stack(0x0000007968500000,0x0000007968600000)]
  0x000001e6e624a930 JavaThread "Asynchronous log dispatcher for DefaultDaemonConnection: socket connection from /127.0.0.1:55532 to /127.0.0.1:55540" [_thread_blocked, id=8808, stack(0x0000007968f00000,0x0000007969000000)]
  0x000001e6e624ae00 JavaThread "Stdin handler" [_thread_blocked, id=11928, stack(0x0000007969000000,0x0000007969100000)]
  0x000001e6e6246f70 JavaThread "Daemon client event forwarder" [_thread_blocked, id=17064, stack(0x0000007969200000,0x0000007969300000)]
  0x000001e6e62435b0 JavaThread "Cache worker for checksums cache (D:\Fabric Mod Test\cmd-fun-stuff\.gradle\7.5.1\checksums)" [_thread_blocked, id=7864, stack(0x0000007969300000,0x0000007969400000)]
  0x000001e6e6243f50 JavaThread "Cache worker for cache directory md-rule (C:\Users\Hunor\.gradle\caches\7.5.1\md-rule)" [_thread_blocked, id=20940, stack(0x0000007969400000,0x0000007969500000)]
  0x000001e6e6245760 JavaThread "Cache worker for file hash cache (D:\Fabric Mod Test\cmd-fun-stuff\.gradle\7.5.1\fileHashes)" [_thread_blocked, id=2904, stack(0x0000007969b00000,0x0000007969c00000)]
  0x000001e6e62448f0 JavaThread "Cache worker for cache directory md-supplier (C:\Users\Hunor\.gradle\caches\7.5.1\md-supplier)" [_thread_blocked, id=15508, stack(0x0000007969d00000,0x0000007969e00000)]
  0x000001e6e6246aa0 JavaThread "Cache worker for dependencies-accessors (D:\Fabric Mod Test\cmd-fun-stuff\.gradle\7.5.1\dependencies-accessors)" [_thread_blocked, id=19696, stack(0x000000796a100000,0x000000796a200000)]
  0x000001e6eb2f9a20 JavaThread "Cache worker for Build Output Cleanup Cache (D:\Fabric Mod Test\cmd-fun-stuff\.gradle\buildOutputCleanup)" [_thread_blocked, id=24840, stack(0x000000796a700000,0x000000796a800000)]
  0x000001e6eb2f7d40 JavaThread "Unconstrained build operations" [_thread_blocked, id=1644, stack(0x000000796a900000,0x000000796aa00000)]
  0x000001e6eb2f6a00 JavaThread "Unconstrained build operations Thread 2" [_thread_blocked, id=6872, stack(0x000000796aa00000,0x000000796ab00000)]
  0x000001e6eb2fd3e0 JavaThread "Unconstrained build operations Thread 3" [_thread_blocked, id=2128, stack(0x000000796ab00000,0x000000796ac00000)]
  0x000001e6eb2fa3c0 JavaThread "Unconstrained build operations Thread 4" [_thread_blocked, id=12248, stack(0x000000796ac00000,0x000000796ad00000)]
  0x000001e6eb2fbbd0 JavaThread "Unconstrained build operations Thread 5" [_thread_blocked, id=13676, stack(0x000000796ad00000,0x000000796ae00000)]
  0x000001e6eb2f8210 JavaThread "Unconstrained build operations Thread 6" [_thread_blocked, id=25648, stack(0x000000796ae00000,0x000000796af00000)]
  0x000001e6eb2f9ef0 JavaThread "Unconstrained build operations Thread 7" [_thread_blocked, id=25444, stack(0x000000796af00000,0x000000796b000000)]
  0x000001e6eb2fb230 JavaThread "Unconstrained build operations Thread 8" [_thread_blocked, id=5756, stack(0x000000796b000000,0x000000796b100000)]
  0x000001e6eb2f86e0 JavaThread "Unconstrained build operations Thread 9" [_thread_blocked, id=13100, stack(0x000000796b100000,0x000000796b200000)]
  0x000001e6eb2fad60 JavaThread "Unconstrained build operations Thread 10" [_thread_blocked, id=2064, stack(0x000000796b200000,0x000000796b300000)]
  0x000001e6eb2fc0a0 JavaThread "Unconstrained build operations Thread 11" [_thread_blocked, id=17024, stack(0x000000796b300000,0x000000796b400000)]
  0x000001e6eb2f8bb0 JavaThread "Unconstrained build operations Thread 12" [_thread_blocked, id=23024, stack(0x000000796b400000,0x000000796b500000)]
  0x000001e6eb2fca40 JavaThread "Unconstrained build operations Thread 13" [_thread_blocked, id=25216, stack(0x000000796b500000,0x000000796b600000)]
  0x000001e6eb2f9080 JavaThread "Unconstrained build operations Thread 14" [_thread_blocked, id=24908, stack(0x000000796b600000,0x000000796b700000)]
  0x000001e6eb2f9550 JavaThread "Unconstrained build operations Thread 15" [_thread_blocked, id=11024, stack(0x000000796b700000,0x000000796b800000)]
  0x000001e6eb2fa890 JavaThread "Unconstrained build operations Thread 16" [_thread_blocked, id=23976, stack(0x000000796b800000,0x000000796b900000)]
  0x000001e6eb2fb700 JavaThread "Unconstrained build operations Thread 17" [_thread_blocked, id=18644, stack(0x000000796b900000,0x000000796ba00000)]
  0x000001e6eb2fcf10 JavaThread "Unconstrained build operations Thread 18" [_thread_blocked, id=15228, stack(0x000000796ba00000,0x000000796bb00000)]
  0x000001e6eb2fc570 JavaThread "Unconstrained build operations Thread 19" [_thread_blocked, id=17388, stack(0x000000796bb00000,0x000000796bc00000)]
  0x000001e6ea1a1d00 JavaThread "Unconstrained build operations Thread 20" [_thread_blocked, id=15184, stack(0x000000796bc00000,0x000000796bd00000)]
  0x000001e6ea1a56c0 JavaThread "Unconstrained build operations Thread 21" [_thread_blocked, id=16408, stack(0x000000796bd00000,0x000000796be00000)]
  0x000001e6ea1a4850 JavaThread "Unconstrained build operations Thread 22" [_thread_blocked, id=7652, stack(0x000000796be00000,0x000000796bf00000)]
  0x000001e6ea1a4d20 JavaThread "Unconstrained build operations Thread 23" [_thread_blocked, id=3284, stack(0x000000796bf00000,0x000000796c000000)]
  0x000001e6ea1a21d0 JavaThread "Unconstrained build operations Thread 24" [_thread_blocked, id=12028, stack(0x000000796c000000,0x000000796c100000)]
  0x000001e6ea1a5b90 JavaThread "Unconstrained build operations Thread 25" [_thread_blocked, id=16528, stack(0x000000796c100000,0x000000796c200000)]
  0x000001e6ea1a3510 JavaThread "Unconstrained build operations Thread 26" [_thread_blocked, id=2932, stack(0x000000796c200000,0x000000796c300000)]
  0x000001e6ea1a6a00 JavaThread "Unconstrained build operations Thread 27" [_thread_blocked, id=18992, stack(0x000000796c300000,0x000000796c400000)]
  0x000001e6ea1a7d40 JavaThread "Unconstrained build operations Thread 28" [_thread_blocked, id=22500, stack(0x000000796c400000,0x000000796c500000)]
  0x000001e6ea1a8210 JavaThread "Unconstrained build operations Thread 29" [_thread_blocked, id=25536, stack(0x000000796c500000,0x000000796c600000)]
  0x000001e6ea1a86e0 JavaThread "Unconstrained build operations Thread 30" [_thread_blocked, id=11272, stack(0x000000796c600000,0x000000796c700000)]
  0x000001e6ea1a26a0 JavaThread "Unconstrained build operations Thread 31" [_thread_blocked, id=7080, stack(0x000000796c700000,0x000000796c800000)]
  0x000001e6ea1a2b70 JavaThread "Unconstrained build operations Thread 32" [_thread_blocked, id=24944, stack(0x000000796c800000,0x000000796c900000)]
  0x000001e6ea0b82d0 JavaThread "Unconstrained build operations Thread 33" [_thread_blocked, id=5300, stack(0x0000007969a00000,0x0000007969b00000)]
  0x000001e6ea0b65f0 JavaThread "HttpClient-10-SelectorManager" daemon [_thread_in_native, id=7696, stack(0x000000796dc00000,0x000000796dd00000)]
  0x000001e6ea0bbc90 JavaThread "HttpClient-10-Worker-0" daemon [_thread_blocked, id=2504, stack(0x000000796dd00000,0x000000796de00000)]
  0x000001e6ea0b5c50 JavaThread "HttpClient-10-Worker-1" daemon [_thread_blocked, id=17436, stack(0x000000796de00000,0x000000796df00000)]
  0x000001e6e518dbc0 JavaThread "C2 CompilerThread1" daemon [_thread_in_native, id=18628, stack(0x000000796c900000,0x000000796ca00000)]
=>0x000001e6eb2bc830 JavaThread "C2 CompilerThread2" daemon [_thread_in_native, id=14728, stack(0x000000796db00000,0x000000796dc00000)]

Other Threads:
  0x000001e6e422ada0 VMThread "VM Thread" [stack: 0x0000007967700000,0x0000007967800000] [id=20956]
  0x000001e6e4d3bae0 WatcherThread [stack: 0x0000007968300000,0x0000007968400000] [id=13796]
  0x000001e6c1507020 GCTaskThread "GC Thread#0" [stack: 0x0000007967200000,0x0000007967300000] [id=24712]
  0x000001e6e5e6a310 GCTaskThread "GC Thread#1" [stack: 0x0000007968600000,0x0000007968700000] [id=11468]
  0x000001e6e59d7020 GCTaskThread "GC Thread#2" [stack: 0x0000007968700000,0x0000007968800000] [id=18708]
  0x000001e6e59d72d0 GCTaskThread "GC Thread#3" [stack: 0x0000007968800000,0x0000007968900000] [id=23556]
  0x000001e6e57165a0 GCTaskThread "GC Thread#4" [stack: 0x0000007968900000,0x0000007968a00000] [id=17688]
  0x000001e6e58c4f50 GCTaskThread "GC Thread#5" [stack: 0x0000007968a00000,0x0000007968b00000] [id=14460]
  0x000001e6e9a21c40 GCTaskThread "GC Thread#6" [stack: 0x0000007969e00000,0x0000007969f00000] [id=528]
  0x000001e6eb0d6860 GCTaskThread "GC Thread#7" [stack: 0x0000007969f00000,0x000000796a000000] [id=23712]
  0x000001e6c1518f70 ConcurrentGCThread "G1 Main Marker" [stack: 0x0000007967300000,0x0000007967400000] [id=11220]
  0x000001e6c151a120 ConcurrentGCThread "G1 Conc#0" [stack: 0x0000007967400000,0x0000007967500000] [id=23776]
  0x000001e6eb234a50 ConcurrentGCThread "G1 Conc#1" [stack: 0x000000796a000000,0x000000796a100000] [id=26392]
  0x000001e6c158dee0 ConcurrentGCThread "G1 Refine#0" [stack: 0x0000007967500000,0x0000007967600000] [id=17940]
  0x000001e6ea2205e0 ConcurrentGCThread "G1 Refine#1" [stack: 0x000000796d100000,0x000000796d200000] [id=21168]
  0x000001e6ea21f4a0 ConcurrentGCThread "G1 Refine#2" [stack: 0x000000796d200000,0x000000796d300000] [id=25684]
  0x000001e6ea221ce0 ConcurrentGCThread "G1 Refine#3" [stack: 0x000000796d300000,0x000000796d400000] [id=23068]
  0x000001e6ea21eee0 ConcurrentGCThread "G1 Refine#4" [stack: 0x000000796d400000,0x000000796d500000] [id=13248]
  0x000001e6ea222860 ConcurrentGCThread "G1 Refine#5" [stack: 0x000000796d500000,0x000000796d600000] [id=12200]
  0x000001e6ea21f1c0 ConcurrentGCThread "G1 Refine#6" [stack: 0x000000796df00000,0x000000796e000000] [id=14480]
  0x000001e6c158e810 ConcurrentGCThread "G1 Service" [stack: 0x0000007967600000,0x0000007967700000] [id=19672]

Threads with active compile tasks:
C2 CompilerThread0    22823 9993       4       net.fabricmc.mappingio.tree.MemoryMappingTree::visitMethodArg (140 bytes)
C2 CompilerThread1    22823 9994       4       net.fabricmc.mappingio.format.Tiny2Reader::readClass (319 bytes)
C2 CompilerThread2    22823 9989       4       net.fabricmc.mappingio.format.Tiny2Reader::readMethod (362 bytes)

VM state: not at safepoint (normal execution)

VM Mutex/Monitor currently owned by a thread: None

Heap address: 0x0000000700000000, size: 4096 MB, Compressed Oops mode: Zero based, Oop shift amount: 3

CDS archive(s) mapped at: [0x0000000800000000-0x0000000800bc0000-0x0000000800bc0000), size 12320768, SharedBaseAddress: 0x0000000800000000, ArchiveRelocationMode: 0.
Compressed class space mapped at: 0x0000000800c00000-0x0000000840c00000, reserved size: 1073741824
Narrow klass base: 0x0000000800000000, Narrow klass shift: 0, Narrow klass range: 0x100000000

GC Precious Log:
 CPUs: 8 total, 8 available
 Memory: 16322M
 Large Page Support: Disabled
 NUMA Support: Disabled
 Compressed Oops: Enabled (Zero based)
 Heap Region Size: 2M
 Heap Min Capacity: 8M
 Heap Initial Capacity: 256M
 Heap Max Capacity: 4G
 Pre-touch: Disabled
 Parallel Workers: 8
 Concurrent Workers: 2
 Concurrent Refinement Workers: 8
 Periodic GC: Disabled

Heap:
 garbage-first heap   total 430080K, used 230144K [0x0000000700000000, 0x0000000800000000)
  region size 2048K, 14 young (28672K), 12 survivors (24576K)
 Metaspace       used 63320K, committed 63936K, reserved 1105920K
  class space    used 8466K, committed 8768K, reserved 1048576K

Heap Regions: E=young(eden), S=young(survivor), O=old, HS=humongous(starts), HC=humongous(continues), CS=collection set, F=free, OA=open archive, CA=closed archive, TAMS=top-at-mark-start (previous, next)
|   0|0x0000000700000000, 0x0000000700200000, 0x0000000700200000|100%| O|  |TAMS 0x0000000700200000, 0x0000000700000000| Untracked 
|   1|0x0000000700200000, 0x00000007003c8450, 0x0000000700400000| 89%| O|  |TAMS 0x00000007003c8450, 0x0000000700200000| Untracked 
|   2|0x0000000700400000, 0x0000000700600000, 0x0000000700600000|100%|HS|  |TAMS 0x0000000700600000, 0x0000000700400000| Complete 
|   3|0x0000000700600000, 0x0000000700800000, 0x0000000700800000|100%|HC|  |TAMS 0x0000000700800000, 0x0000000700600000| Complete 
|   4|0x0000000700800000, 0x0000000700a00000, 0x0000000700a00000|100%| O|  |TAMS 0x0000000700a00000, 0x0000000700800000| Untracked 
|   5|0x0000000700a00000, 0x0000000700c00000, 0x0000000700c00000|100%| O|  |TAMS 0x0000000700c00000, 0x0000000700a00000| Untracked 
|   6|0x0000000700c00000, 0x0000000700e00000, 0x0000000700e00000|100%| O|  |TAMS 0x0000000700e00000, 0x0000000700c00000| Untracked 
|   7|0x0000000700e00000, 0x0000000701000000, 0x0000000701000000|100%| O|  |TAMS 0x0000000701000000, 0x0000000700e00000| Untracked 
|   8|0x0000000701000000, 0x0000000701200000, 0x0000000701200000|100%| O|  |TAMS 0x0000000701200000, 0x0000000701000000| Untracked 
|   9|0x0000000701200000, 0x0000000701400000, 0x0000000701400000|100%| O|  |TAMS 0x0000000701400000, 0x0000000701200000| Untracked 
|  10|0x0000000701400000, 0x0000000701600000, 0x0000000701600000|100%| O|  |TAMS 0x0000000701600000, 0x0000000701400000| Untracked 
|  11|0x0000000701600000, 0x0000000701800000, 0x0000000701800000|100%| O|  |TAMS 0x0000000701800000, 0x0000000701600000| Untracked 
|  12|0x0000000701800000, 0x0000000701a00000, 0x0000000701a00000|100%| O|  |TAMS 0x0000000701a00000, 0x0000000701800000| Untracked 
|  13|0x0000000701a00000, 0x0000000701c00000, 0x0000000701c00000|100%| O|  |TAMS 0x0000000701c00000, 0x0000000701a00000| Untracked 
|  14|0x0000000701c00000, 0x0000000701e00000, 0x0000000701e00000|100%| O|  |TAMS 0x0000000701e00000, 0x0000000701c00000| Untracked 
|  15|0x0000000701e00000, 0x0000000702000000, 0x0000000702000000|100%| O|  |TAMS 0x0000000702000000, 0x0000000701e00000| Untracked 
|  16|0x0000000702000000, 0x0000000702200000, 0x0000000702200000|100%| O|  |TAMS 0x0000000702200000, 0x0000000702000000| Untracked 
|  17|0x0000000702200000, 0x0000000702400000, 0x0000000702400000|100%| O|  |TAMS 0x0000000702400000, 0x0000000702200000| Untracked 
|  18|0x0000000702400000, 0x00000007025ffff0, 0x0000000702600000| 99%| O|  |TAMS 0x00000007025ffff0, 0x0000000702400000| Untracked 
|  19|0x0000000702600000, 0x0000000702800000, 0x0000000702800000|100%| O|  |TAMS 0x0000000702800000, 0x0000000702600000| Untracked 
|  20|0x0000000702800000, 0x0000000702a00000, 0x0000000702a00000|100%| O|  |TAMS 0x0000000702a00000, 0x0000000702800000| Untracked 
|  21|0x0000000702a00000, 0x0000000702c00000, 0x0000000702c00000|100%| O|  |TAMS 0x0000000702a00000, 0x0000000702a00000| Untracked 
|  22|0x0000000702c00000, 0x0000000702e00000, 0x0000000702e00000|100%| O|  |TAMS 0x0000000702e00000, 0x0000000702c00000| Untracked 
|  23|0x0000000702e00000, 0x0000000702f3e418, 0x0000000703000000| 62%| O|  |TAMS 0x0000000702f3e418, 0x0000000702e00000| Untracked 
|  24|0x0000000703000000, 0x0000000703200000, 0x0000000703200000|100%|HS|  |TAMS 0x0000000703200000, 0x0000000703000000| Complete 
|  25|0x0000000703200000, 0x0000000703400000, 0x0000000703400000|100%| O|  |TAMS 0x0000000703400000, 0x0000000703200000| Untracked 
|  26|0x0000000703400000, 0x0000000703600000, 0x0000000703600000|100%| O|  |TAMS 0x0000000703600000, 0x0000000703400000| Untracked 
|  27|0x0000000703600000, 0x0000000703800000, 0x0000000703800000|100%| O|  |TAMS 0x0000000703600000, 0x0000000703600000| Untracked 
|  28|0x0000000703800000, 0x0000000703a00000, 0x0000000703a00000|100%| O|  |TAMS 0x0000000703a00000, 0x0000000703800000| Untracked 
|  29|0x0000000703a00000, 0x0000000703a81fc8, 0x0000000703c00000| 25%| O|  |TAMS 0x0000000703a81fc8, 0x0000000703a00000| Untracked 
|  30|0x0000000703c00000, 0x0000000703e00000, 0x0000000703e00000|100%| O|  |TAMS 0x0000000703e00000, 0x0000000703c00000| Untracked 
|  31|0x0000000703e00000, 0x0000000704000000, 0x0000000704000000|100%| O|  |TAMS 0x0000000704000000, 0x0000000703e00000| Untracked 
|  32|0x0000000704000000, 0x0000000704200000, 0x0000000704200000|100%| O|  |TAMS 0x0000000704200000, 0x0000000704000000| Untracked 
|  33|0x0000000704200000, 0x0000000704400000, 0x0000000704400000|100%| O|  |TAMS 0x0000000704400000, 0x0000000704200000| Untracked 
|  34|0x0000000704400000, 0x0000000704600000, 0x0000000704600000|100%| O|  |TAMS 0x0000000704600000, 0x0000000704400000| Untracked 
|  35|0x0000000704600000, 0x0000000704800000, 0x0000000704800000|100%| O|  |TAMS 0x0000000704800000, 0x0000000704600000| Untracked 
|  36|0x0000000704800000, 0x0000000704a00000, 0x0000000704a00000|100%| O|  |TAMS 0x0000000704a00000, 0x0000000704800000| Untracked 
|  37|0x0000000704a00000, 0x0000000704c00000, 0x0000000704c00000|100%| O|  |TAMS 0x0000000704c00000, 0x0000000704a00000| Untracked 
|  38|0x0000000704c00000, 0x0000000704e00000, 0x0000000704e00000|100%| O|  |TAMS 0x0000000704e00000, 0x0000000704c00000| Untracked 
|  39|0x0000000704e00000, 0x0000000705000000, 0x0000000705000000|100%| O|  |TAMS 0x0000000705000000, 0x0000000704e00000| Untracked 
|  40|0x0000000705000000, 0x0000000705200000, 0x0000000705200000|100%| O|  |TAMS 0x0000000705200000, 0x0000000705000000| Untracked 
|  41|0x0000000705200000, 0x0000000705400000, 0x0000000705400000|100%| O|  |TAMS 0x0000000705400000, 0x0000000705200000| Untracked 
|  42|0x0000000705400000, 0x0000000705600000, 0x0000000705600000|100%| O|  |TAMS 0x0000000705600000, 0x0000000705400000| Untracked 
|  43|0x0000000705600000, 0x0000000705800000, 0x0000000705800000|100%| O|  |TAMS 0x0000000705800000, 0x0000000705600000| Untracked 
|  44|0x0000000705800000, 0x0000000705a00000, 0x0000000705a00000|100%| O|  |TAMS 0x0000000705a00000, 0x0000000705800000| Untracked 
|  45|0x0000000705a00000, 0x0000000705c00000, 0x0000000705c00000|100%| O|  |TAMS 0x0000000705c00000, 0x0000000705a00000| Untracked 
|  46|0x0000000705c00000, 0x0000000705e00000, 0x0000000705e00000|100%| O|  |TAMS 0x0000000705e00000, 0x0000000705c00000| Untracked 
|  47|0x0000000705e00000, 0x0000000706000000, 0x0000000706000000|100%| O|  |TAMS 0x0000000706000000, 0x0000000705e00000| Untracked 
|  48|0x0000000706000000, 0x0000000706200000, 0x0000000706200000|100%| O|  |TAMS 0x0000000706200000, 0x0000000706000000| Untracked 
|  49|0x0000000706200000, 0x0000000706400000, 0x0000000706400000|100%| O|  |TAMS 0x0000000706400000, 0x0000000706200000| Untracked 
|  50|0x0000000706400000, 0x0000000706600000, 0x0000000706600000|100%| O|  |TAMS 0x0000000706600000, 0x0000000706400000| Untracked 
|  51|0x0000000706600000, 0x0000000706800000, 0x0000000706800000|100%| O|  |TAMS 0x0000000706800000, 0x0000000706600000| Untracked 
|  52|0x0000000706800000, 0x0000000706a00000, 0x0000000706a00000|100%| O|  |TAMS 0x0000000706a00000, 0x0000000706800000| Untracked 
|  53|0x0000000706a00000, 0x0000000706c00000, 0x0000000706c00000|100%| O|  |TAMS 0x0000000706c00000, 0x0000000706a00000| Untracked 
|  54|0x0000000706c00000, 0x0000000706da6580, 0x0000000706e00000| 82%| O|  |TAMS 0x0000000706da6580, 0x0000000706c00000| Untracked 
|  55|0x0000000706e00000, 0x0000000707000000, 0x0000000707000000|100%| O|  |TAMS 0x0000000707000000, 0x0000000706e00000| Untracked 
|  56|0x0000000707000000, 0x0000000707200000, 0x0000000707200000|100%| O|  |TAMS 0x0000000707200000, 0x0000000707000000| Untracked 
|  57|0x0000000707200000, 0x0000000707400000, 0x0000000707400000|100%| O|  |TAMS 0x0000000707400000, 0x0000000707200000| Untracked 
|  58|0x0000000707400000, 0x0000000707600000, 0x0000000707600000|100%| O|  |TAMS 0x0000000707600000, 0x0000000707400000| Untracked 
|  59|0x0000000707600000, 0x0000000707800000, 0x0000000707800000|100%| O|  |TAMS 0x0000000707800000, 0x0000000707600000| Untracked 
|  60|0x0000000707800000, 0x0000000707a00000, 0x0000000707a00000|100%| O|  |TAMS 0x0000000707a00000, 0x0000000707800000| Untracked 
|  61|0x0000000707a00000, 0x0000000707c00000, 0x0000000707c00000|100%| O|  |TAMS 0x0000000707c00000, 0x0000000707a00000| Untracked 
|  62|0x0000000707c00000, 0x0000000707e00000, 0x0000000707e00000|100%| O|  |TAMS 0x0000000707e00000, 0x0000000707c00000| Untracked 
|  63|0x0000000707e00000, 0x0000000708000000, 0x0000000708000000|100%| O|  |TAMS 0x0000000708000000, 0x0000000707e00000| Untracked 
|  64|0x0000000708000000, 0x0000000708200000, 0x0000000708200000|100%| O|  |TAMS 0x0000000708200000, 0x0000000708000000| Untracked 
|  65|0x0000000708200000, 0x0000000708400000, 0x0000000708400000|100%| O|  |TAMS 0x0000000708400000, 0x0000000708200000| Untracked 
|  66|0x0000000708400000, 0x0000000708600000, 0x0000000708600000|100%| O|  |TAMS 0x0000000708600000, 0x0000000708400000| Untracked 
|  67|0x0000000708600000, 0x0000000708800000, 0x0000000708800000|100%| O|  |TAMS 0x0000000708800000, 0x0000000708600000| Untracked 
|  68|0x0000000708800000, 0x0000000708a00000, 0x0000000708a00000|100%| O|  |TAMS 0x0000000708a00000, 0x0000000708800000| Untracked 
|  69|0x0000000708a00000, 0x0000000708c00000, 0x0000000708c00000|100%| O|  |TAMS 0x0000000708c00000, 0x0000000708a00000| Untracked 
|  70|0x0000000708c00000, 0x0000000708e00000, 0x0000000708e00000|100%| O|  |TAMS 0x0000000708c70a00, 0x0000000708c00000| Untracked 
|  71|0x0000000708e00000, 0x0000000709000000, 0x0000000709000000|100%| O|  |TAMS 0x0000000708e00000, 0x0000000708e00000| Untracked 
|  72|0x0000000709000000, 0x0000000709200000, 0x0000000709200000|100%| O|  |TAMS 0x0000000709000000, 0x0000000709000000| Untracked 
|  73|0x0000000709200000, 0x0000000709400000, 0x0000000709400000|100%| O|  |TAMS 0x0000000709200000, 0x0000000709200000| Untracked 
|  74|0x0000000709400000, 0x0000000709600000, 0x0000000709600000|100%| O|  |TAMS 0x0000000709400000, 0x0000000709400000| Untracked 
|  75|0x0000000709600000, 0x0000000709800000, 0x0000000709800000|100%| O|  |TAMS 0x0000000709600000, 0x0000000709600000| Untracked 
|  76|0x0000000709800000, 0x0000000709a00000, 0x0000000709a00000|100%| O|  |TAMS 0x0000000709800000, 0x0000000709800000| Untracked 
|  77|0x0000000709a00000, 0x0000000709c00000, 0x0000000709c00000|100%| O|  |TAMS 0x0000000709a00000, 0x0000000709a00000| Untracked 
|  78|0x0000000709c00000, 0x0000000709e00000, 0x0000000709e00000|100%| O|  |TAMS 0x0000000709c00000, 0x0000000709c00000| Untracked 
|  79|0x0000000709e00000, 0x000000070a000000, 0x000000070a000000|100%| O|  |TAMS 0x0000000709e00000, 0x0000000709e00000| Untracked 
|  80|0x000000070a000000, 0x000000070a200000, 0x000000070a200000|100%| O|  |TAMS 0x000000070a000000, 0x000000070a000000| Untracked 
|  81|0x000000070a200000, 0x000000070a400000, 0x000000070a400000|100%| O|  |TAMS 0x000000070a200000, 0x000000070a200000| Untracked 
|  82|0x000000070a400000, 0x000000070a600000, 0x000000070a600000|100%| O|  |TAMS 0x000000070a400000, 0x000000070a400000| Untracked 
|  83|0x000000070a600000, 0x000000070a800000, 0x000000070a800000|100%| O|  |TAMS 0x000000070a600000, 0x000000070a600000| Untracked 
|  84|0x000000070a800000, 0x000000070aa00000, 0x000000070aa00000|100%| O|  |TAMS 0x000000070a800000, 0x000000070a800000| Untracked 
|  85|0x000000070aa00000, 0x000000070ac00000, 0x000000070ac00000|100%| O|  |TAMS 0x000000070aa00000, 0x000000070aa00000| Untracked 
|  86|0x000000070ac00000, 0x000000070ae00000, 0x000000070ae00000|100%| O|  |TAMS 0x000000070ac00000, 0x000000070ac00000| Untracked 
|  87|0x000000070ae00000, 0x000000070b000000, 0x000000070b000000|100%| O|  |TAMS 0x000000070ae00000, 0x000000070ae00000| Untracked 
|  88|0x000000070b000000, 0x000000070b200000, 0x000000070b200000|100%| O|  |TAMS 0x000000070b000000, 0x000000070b000000| Untracked 
|  89|0x000000070b200000, 0x000000070b400000, 0x000000070b400000|100%| O|  |TAMS 0x000000070b200000, 0x000000070b200000| Untracked 
|  90|0x000000070b400000, 0x000000070b600000, 0x000000070b600000|100%| O|  |TAMS 0x000000070b400000, 0x000000070b400000| Untracked 
|  91|0x000000070b600000, 0x000000070b800000, 0x000000070b800000|100%| O|  |TAMS 0x000000070b600000, 0x000000070b600000| Untracked 
|  92|0x000000070b800000, 0x000000070ba00000, 0x000000070ba00000|100%| O|  |TAMS 0x000000070b800000, 0x000000070b800000| Untracked 
|  93|0x000000070ba00000, 0x000000070bc00000, 0x000000070bc00000|100%| O|  |TAMS 0x000000070ba00000, 0x000000070ba00000| Untracked 
|  94|0x000000070bc00000, 0x000000070be00000, 0x000000070be00000|100%| O|  |TAMS 0x000000070bc00000, 0x000000070bc00000| Untracked 
|  95|0x000000070be00000, 0x000000070c000000, 0x000000070c000000|100%| O|  |TAMS 0x000000070be00000, 0x000000070be00000| Untracked 
|  96|0x000000070c000000, 0x000000070c200000, 0x000000070c200000|100%| O|  |TAMS 0x000000070c000000, 0x000000070c000000| Untracked 
|  97|0x000000070c200000, 0x000000070c400000, 0x000000070c400000|100%| O|  |TAMS 0x000000070c200000, 0x000000070c200000| Untracked 
|  98|0x000000070c400000, 0x000000070c591400, 0x000000070c600000| 78%| O|  |TAMS 0x000000070c400000, 0x000000070c400000| Untracked 
|  99|0x000000070c600000, 0x000000070c600000, 0x000000070c800000|  0%| F|  |TAMS 0x000000070c600000, 0x000000070c600000| Untracked 
| 100|0x000000070c800000, 0x000000070c800000, 0x000000070ca00000|  0%| F|  |TAMS 0x000000070c800000, 0x000000070c800000| Untracked 
| 101|0x000000070ca00000, 0x000000070ca00000, 0x000000070cc00000|  0%| F|  |TAMS 0x000000070ca00000, 0x000000070ca00000| Untracked 
| 102|0x000000070cc00000, 0x000000070cc00000, 0x000000070ce00000|  0%| F|  |TAMS 0x000000070cc00000, 0x000000070cc00000| Untracked 
| 103|0x000000070ce00000, 0x000000070ce00000, 0x000000070d000000|  0%| F|  |TAMS 0x000000070ce00000, 0x000000070ce00000| Untracked 
| 104|0x000000070d000000, 0x000000070d000000, 0x000000070d200000|  0%| F|  |TAMS 0x000000070d000000, 0x000000070d000000| Untracked 
| 105|0x000000070d200000, 0x000000070d200000, 0x000000070d400000|  0%| F|  |TAMS 0x000000070d200000, 0x000000070d200000| Untracked 
| 106|0x000000070d400000, 0x000000070d400000, 0x000000070d600000|  0%| F|  |TAMS 0x000000070d400000, 0x000000070d400000| Untracked 
| 107|0x000000070d600000, 0x000000070d800000, 0x000000070d800000|100%| S|CS|TAMS 0x000000070d600000, 0x000000070d600000| Complete 
| 108|0x000000070d800000, 0x000000070da00000, 0x000000070da00000|100%| S|CS|TAMS 0x000000070d800000, 0x000000070d800000| Complete 
| 109|0x000000070da00000, 0x000000070dc00000, 0x000000070dc00000|100%| S|CS|TAMS 0x000000070da00000, 0x000000070da00000| Complete 
| 110|0x000000070dc00000, 0x000000070de00000, 0x000000070de00000|100%| S|CS|TAMS 0x000000070dc00000, 0x000000070dc00000| Complete 
| 111|0x000000070de00000, 0x000000070e000000, 0x000000070e000000|100%| S|CS|TAMS 0x000000070de00000, 0x000000070de00000| Complete 
| 112|0x000000070e000000, 0x000000070e200000, 0x000000070e200000|100%| S|CS|TAMS 0x000000070e000000, 0x000000070e000000| Complete 
| 113|0x000000070e200000, 0x000000070e400000, 0x000000070e400000|100%| S|CS|TAMS 0x000000070e200000, 0x000000070e200000| Complete 
| 114|0x000000070e400000, 0x000000070e600000, 0x000000070e600000|100%| S|CS|TAMS 0x000000070e400000, 0x000000070e400000| Complete 
| 115|0x000000070e600000, 0x000000070e800000, 0x000000070e800000|100%| S|CS|TAMS 0x000000070e600000, 0x000000070e600000| Complete 
| 116|0x000000070e800000, 0x000000070ea00000, 0x000000070ea00000|100%| S|CS|TAMS 0x000000070e800000, 0x000000070e800000| Complete 
| 117|0x000000070ea00000, 0x000000070ec00000, 0x000000070ec00000|100%| S|CS|TAMS 0x000000070ea00000, 0x000000070ea00000| Complete 
| 118|0x000000070ec00000, 0x000000070ee00000, 0x000000070ee00000|100%| S|CS|TAMS 0x000000070ec00000, 0x000000070ec00000| Complete 
| 119|0x000000070ee00000, 0x000000070ee00000, 0x000000070f000000|  0%| F|  |TAMS 0x000000070ee00000, 0x000000070ee00000| Untracked 
| 120|0x000000070f000000, 0x000000070f000000, 0x000000070f200000|  0%| F|  |TAMS 0x000000070f000000, 0x000000070f000000| Untracked 
| 121|0x000000070f200000, 0x000000070f200000, 0x000000070f400000|  0%| F|  |TAMS 0x000000070f200000, 0x000000070f200000| Untracked 
| 122|0x000000070f400000, 0x000000070f400000, 0x000000070f600000|  0%| F|  |TAMS 0x000000070f400000, 0x000000070f400000| Untracked 
| 123|0x000000070f600000, 0x000000070f600000, 0x000000070f800000|  0%| F|  |TAMS 0x000000070f600000, 0x000000070f600000| Untracked 
| 124|0x000000070f800000, 0x000000070f800000, 0x000000070fa00000|  0%| F|  |TAMS 0x000000070f800000, 0x000000070f800000| Untracked 
| 125|0x000000070fa00000, 0x000000070fa00000, 0x000000070fc00000|  0%| F|  |TAMS 0x000000070fa00000, 0x000000070fa00000| Untracked 
| 126|0x000000070fc00000, 0x000000070fc00000, 0x000000070fe00000|  0%| F|  |TAMS 0x000000070fc00000, 0x000000070fc00000| Untracked 
| 127|0x000000070fe00000, 0x000000070fe00000, 0x0000000710000000|  0%| F|  |TAMS 0x000000070fe00000, 0x000000070fe00000| Untracked 
| 128|0x0000000710000000, 0x0000000710000000, 0x0000000710200000|  0%| F|  |TAMS 0x0000000710000000, 0x0000000710000000| Untracked 
| 129|0x0000000710200000, 0x0000000710200000, 0x0000000710400000|  0%| F|  |TAMS 0x0000000710200000, 0x0000000710200000| Untracked 
| 130|0x0000000710400000, 0x0000000710400000, 0x0000000710600000|  0%| F|  |TAMS 0x0000000710400000, 0x0000000710400000| Untracked 
| 131|0x0000000710600000, 0x0000000710600000, 0x0000000710800000|  0%| F|  |TAMS 0x0000000710600000, 0x0000000710600000| Untracked 
| 132|0x0000000710800000, 0x0000000710800000, 0x0000000710a00000|  0%| F|  |TAMS 0x0000000710800000, 0x0000000710800000| Untracked 
| 133|0x0000000710a00000, 0x0000000710a00000, 0x0000000710c00000|  0%| F|  |TAMS 0x0000000710a00000, 0x0000000710a00000| Untracked 
| 134|0x0000000710c00000, 0x0000000710c00000, 0x0000000710e00000|  0%| F|  |TAMS 0x0000000710c00000, 0x0000000710c00000| Untracked 
| 135|0x0000000710e00000, 0x0000000710e00000, 0x0000000711000000|  0%| F|  |TAMS 0x0000000710e00000, 0x0000000710e00000| Untracked 
| 136|0x0000000711000000, 0x0000000711000000, 0x0000000711200000|  0%| F|  |TAMS 0x0000000711000000, 0x0000000711000000| Untracked 
| 137|0x0000000711200000, 0x0000000711200000, 0x0000000711400000|  0%| F|  |TAMS 0x0000000711200000, 0x0000000711200000| Untracked 
| 138|0x0000000711400000, 0x0000000711400000, 0x0000000711600000|  0%| F|  |TAMS 0x0000000711400000, 0x0000000711400000| Untracked 
| 139|0x0000000711600000, 0x0000000711600000, 0x0000000711800000|  0%| F|  |TAMS 0x0000000711600000, 0x0000000711600000| Untracked 
| 140|0x0000000711800000, 0x0000000711800000, 0x0000000711a00000|  0%| F|  |TAMS 0x0000000711800000, 0x0000000711800000| Untracked 
| 141|0x0000000711a00000, 0x0000000711a00000, 0x0000000711c00000|  0%| F|  |TAMS 0x0000000711a00000, 0x0000000711a00000| Untracked 
| 142|0x0000000711c00000, 0x0000000711c00000, 0x0000000711e00000|  0%| F|  |TAMS 0x0000000711c00000, 0x0000000711c00000| Untracked 
| 143|0x0000000711e00000, 0x0000000711e00000, 0x0000000712000000|  0%| F|  |TAMS 0x0000000711e00000, 0x0000000711e00000| Untracked 
| 144|0x0000000712000000, 0x0000000712000000, 0x0000000712200000|  0%| F|  |TAMS 0x0000000712000000, 0x0000000712000000| Untracked 
| 145|0x0000000712200000, 0x0000000712200000, 0x0000000712400000|  0%| F|  |TAMS 0x0000000712200000, 0x0000000712200000| Untracked 
| 146|0x0000000712400000, 0x0000000712400000, 0x0000000712600000|  0%| F|  |TAMS 0x0000000712400000, 0x0000000712400000| Untracked 
| 147|0x0000000712600000, 0x0000000712600000, 0x0000000712800000|  0%| F|  |TAMS 0x0000000712600000, 0x0000000712600000| Untracked 
| 148|0x0000000712800000, 0x0000000712800000, 0x0000000712a00000|  0%| F|  |TAMS 0x0000000712800000, 0x0000000712800000| Untracked 
| 149|0x0000000712a00000, 0x0000000712a00000, 0x0000000712c00000|  0%| F|  |TAMS 0x0000000712a00000, 0x0000000712a00000| Untracked 
| 150|0x0000000712c00000, 0x0000000712c00000, 0x0000000712e00000|  0%| F|  |TAMS 0x0000000712c00000, 0x0000000712c00000| Untracked 
| 151|0x0000000712e00000, 0x0000000712e00000, 0x0000000713000000|  0%| F|  |TAMS 0x0000000712e00000, 0x0000000712e00000| Untracked 
| 152|0x0000000713000000, 0x0000000713000000, 0x0000000713200000|  0%| F|  |TAMS 0x0000000713000000, 0x0000000713000000| Untracked 
| 153|0x0000000713200000, 0x0000000713200000, 0x0000000713400000|  0%| F|  |TAMS 0x0000000713200000, 0x0000000713200000| Untracked 
| 154|0x0000000713400000, 0x0000000713400000, 0x0000000713600000|  0%| F|  |TAMS 0x0000000713400000, 0x0000000713400000| Untracked 
| 155|0x0000000713600000, 0x0000000713600000, 0x0000000713800000|  0%| F|  |TAMS 0x0000000713600000, 0x0000000713600000| Untracked 
| 156|0x0000000713800000, 0x0000000713800000, 0x0000000713a00000|  0%| F|  |TAMS 0x0000000713800000, 0x0000000713800000| Untracked 
| 157|0x0000000713a00000, 0x0000000713a00000, 0x0000000713c00000|  0%| F|  |TAMS 0x0000000713a00000, 0x0000000713a00000| Untracked 
| 158|0x0000000713c00000, 0x0000000713c00000, 0x0000000713e00000|  0%| F|  |TAMS 0x0000000713c00000, 0x0000000713c00000| Untracked 
| 159|0x0000000713e00000, 0x0000000713e00000, 0x0000000714000000|  0%| F|  |TAMS 0x0000000713e00000, 0x0000000713e00000| Untracked 
| 160|0x0000000714000000, 0x0000000714000000, 0x0000000714200000|  0%| F|  |TAMS 0x0000000714000000, 0x0000000714000000| Untracked 
| 161|0x0000000714200000, 0x0000000714200000, 0x0000000714400000|  0%| F|  |TAMS 0x0000000714200000, 0x0000000714200000| Untracked 
| 162|0x0000000714400000, 0x0000000714400000, 0x0000000714600000|  0%| F|  |TAMS 0x0000000714400000, 0x0000000714400000| Untracked 
| 163|0x0000000714600000, 0x0000000714600000, 0x0000000714800000|  0%| F|  |TAMS 0x0000000714600000, 0x0000000714600000| Untracked 
| 164|0x0000000714800000, 0x0000000714800000, 0x0000000714a00000|  0%| F|  |TAMS 0x0000000714800000, 0x0000000714800000| Untracked 
| 165|0x0000000714a00000, 0x0000000714a00000, 0x0000000714c00000|  0%| F|  |TAMS 0x0000000714a00000, 0x0000000714a00000| Untracked 
| 166|0x0000000714c00000, 0x0000000714c00000, 0x0000000714e00000|  0%| F|  |TAMS 0x0000000714c00000, 0x0000000714c00000| Untracked 
| 167|0x0000000714e00000, 0x0000000714e00000, 0x0000000715000000|  0%| F|  |TAMS 0x0000000714e00000, 0x0000000714e00000| Untracked 
| 168|0x0000000715000000, 0x0000000715000000, 0x0000000715200000|  0%| F|  |TAMS 0x0000000715000000, 0x0000000715000000| Untracked 
| 169|0x0000000715200000, 0x0000000715200000, 0x0000000715400000|  0%| F|  |TAMS 0x0000000715200000, 0x0000000715200000| Untracked 
| 170|0x0000000715400000, 0x0000000715400000, 0x0000000715600000|  0%| F|  |TAMS 0x0000000715400000, 0x0000000715400000| Untracked 
| 171|0x0000000715600000, 0x0000000715600000, 0x0000000715800000|  0%| F|  |TAMS 0x0000000715600000, 0x0000000715600000| Untracked 
| 172|0x0000000715800000, 0x0000000715800000, 0x0000000715a00000|  0%| F|  |TAMS 0x0000000715800000, 0x0000000715800000| Untracked 
| 173|0x0000000715a00000, 0x0000000715a00000, 0x0000000715c00000|  0%| F|  |TAMS 0x0000000715a00000, 0x0000000715a00000| Untracked 
| 174|0x0000000715c00000, 0x0000000715c00000, 0x0000000715e00000|  0%| F|  |TAMS 0x0000000715c00000, 0x0000000715c00000| Untracked 
| 175|0x0000000715e00000, 0x0000000715e00000, 0x0000000716000000|  0%| F|  |TAMS 0x0000000715e00000, 0x0000000715e00000| Untracked 
| 176|0x0000000716000000, 0x0000000716000000, 0x0000000716200000|  0%| F|  |TAMS 0x0000000716000000, 0x0000000716000000| Untracked 
| 177|0x0000000716200000, 0x0000000716200000, 0x0000000716400000|  0%| F|  |TAMS 0x0000000716200000, 0x0000000716200000| Untracked 
| 178|0x0000000716400000, 0x0000000716400000, 0x0000000716600000|  0%| F|  |TAMS 0x0000000716400000, 0x0000000716400000| Untracked 
| 179|0x0000000716600000, 0x0000000716600000, 0x0000000716800000|  0%| F|  |TAMS 0x0000000716600000, 0x0000000716600000| Untracked 
| 180|0x0000000716800000, 0x0000000716800000, 0x0000000716a00000|  0%| F|  |TAMS 0x0000000716800000, 0x0000000716800000| Untracked 
| 181|0x0000000716a00000, 0x0000000716a00000, 0x0000000716c00000|  0%| F|  |TAMS 0x0000000716a00000, 0x0000000716a00000| Untracked 
| 182|0x0000000716c00000, 0x0000000716c00000, 0x0000000716e00000|  0%| F|  |TAMS 0x0000000716c00000, 0x0000000716c00000| Untracked 
| 183|0x0000000716e00000, 0x0000000716e00000, 0x0000000717000000|  0%| F|  |TAMS 0x0000000716e00000, 0x0000000716e00000| Untracked 
| 184|0x0000000717000000, 0x0000000717000000, 0x0000000717200000|  0%| F|  |TAMS 0x0000000717000000, 0x0000000717000000| Untracked 
| 185|0x0000000717200000, 0x0000000717200000, 0x0000000717400000|  0%| F|  |TAMS 0x0000000717200000, 0x0000000717200000| Untracked 
| 186|0x0000000717400000, 0x0000000717400000, 0x0000000717600000|  0%| F|  |TAMS 0x0000000717400000, 0x0000000717400000| Untracked 
| 187|0x0000000717600000, 0x0000000717600000, 0x0000000717800000|  0%| F|  |TAMS 0x0000000717600000, 0x0000000717600000| Untracked 
| 188|0x0000000717800000, 0x0000000717800000, 0x0000000717a00000|  0%| F|  |TAMS 0x0000000717800000, 0x0000000717800000| Untracked 
| 189|0x0000000717a00000, 0x0000000717a00000, 0x0000000717c00000|  0%| F|  |TAMS 0x0000000717a00000, 0x0000000717a00000| Untracked 
| 190|0x0000000717c00000, 0x0000000717c00000, 0x0000000717e00000|  0%| F|  |TAMS 0x0000000717c00000, 0x0000000717c00000| Untracked 
| 191|0x0000000717e00000, 0x0000000717e00000, 0x0000000718000000|  0%| F|  |TAMS 0x0000000717e00000, 0x0000000717e00000| Untracked 
| 192|0x0000000718000000, 0x0000000718000000, 0x0000000718200000|  0%| F|  |TAMS 0x0000000718000000, 0x0000000718000000| Untracked 
| 193|0x0000000718200000, 0x0000000718200000, 0x0000000718400000|  0%| F|  |TAMS 0x0000000718200000, 0x0000000718200000| Untracked 
| 194|0x0000000718400000, 0x0000000718400000, 0x0000000718600000|  0%| F|  |TAMS 0x0000000718400000, 0x0000000718400000| Untracked 
| 195|0x0000000718600000, 0x0000000718600000, 0x0000000718800000|  0%| F|  |TAMS 0x0000000718600000, 0x0000000718600000| Untracked 
| 196|0x0000000718800000, 0x0000000718800000, 0x0000000718a00000|  0%| F|  |TAMS 0x0000000718800000, 0x0000000718800000| Untracked 
| 197|0x0000000718a00000, 0x0000000718a00000, 0x0000000718c00000|  0%| F|  |TAMS 0x0000000718a00000, 0x0000000718a00000| Untracked 
| 198|0x0000000718c00000, 0x0000000718c00000, 0x0000000718e00000|  0%| F|  |TAMS 0x0000000718c00000, 0x0000000718c00000| Untracked 
| 199|0x0000000718e00000, 0x0000000718e00000, 0x0000000719000000|  0%| F|  |TAMS 0x0000000718e00000, 0x0000000718e00000| Untracked 
| 200|0x0000000719000000, 0x0000000719000000, 0x0000000719200000|  0%| F|  |TAMS 0x0000000719000000, 0x0000000719000000| Untracked 
| 201|0x0000000719200000, 0x0000000719200000, 0x0000000719400000|  0%| F|  |TAMS 0x0000000719200000, 0x0000000719200000| Untracked 
| 202|0x0000000719400000, 0x0000000719400000, 0x0000000719600000|  0%| F|  |TAMS 0x0000000719400000, 0x0000000719400000| Untracked 
| 203|0x0000000719600000, 0x0000000719600000, 0x0000000719800000|  0%| F|  |TAMS 0x0000000719600000, 0x0000000719600000| Untracked 
| 204|0x0000000719800000, 0x0000000719800000, 0x0000000719a00000|  0%| F|  |TAMS 0x0000000719800000, 0x0000000719800000| Untracked 
| 205|0x0000000719a00000, 0x0000000719b00800, 0x0000000719c00000| 50%| E|  |TAMS 0x0000000719a00000, 0x0000000719a00000| Complete 
| 206|0x0000000719c00000, 0x0000000719e00000, 0x0000000719e00000|100%| E|CS|TAMS 0x0000000719c00000, 0x0000000719c00000| Complete 
| 207|0x0000000719e00000, 0x000000071a000000, 0x000000071a000000|100%| E|CS|TAMS 0x0000000719e00000, 0x0000000719e00000| Complete 
|2046|0x00000007ffc00000, 0x00000007ffe00000, 0x00000007ffe00000|100%| O|  |TAMS 0x00000007ffe00000, 0x00000007ffc00000| Untracked 
|2047|0x00000007ffe00000, 0x0000000800000000, 0x0000000800000000|100%| O|  |TAMS 0x0000000800000000, 0x00000007ffe00000| Untracked 

Card table byte_map: [0x000001e6d87f0000,0x000001e6d8ff0000] _byte_map_base: 0x000001e6d4ff0000

Marking Bits (Prev, Next): (CMBitMap*) 0x000001e6c1508680, (CMBitMap*) 0x000001e6c1508640
 Prev Bits: [0x000001e6dd7f0000, 0x000001e6e17f0000)
 Next Bits: [0x000001e6d97f0000, 0x000001e6dd7f0000)

Polling page: 0x000001e6bf660000

Metaspace:

Usage:
  Non-class:     53.57 MB used.
      Class:      8.27 MB used.
       Both:     61.84 MB used.

Virtual space:
  Non-class space:       56.00 MB reserved,      53.88 MB ( 96%) committed,  7 nodes.
      Class space:        1.00 GB reserved,       8.56 MB ( <1%) committed,  1 nodes.
             Both:        1.05 GB reserved,      62.44 MB (  6%) committed. 

Chunk freelists:
   Non-Class:  1.57 MB
       Class:  3.30 MB
        Both:  4.87 MB

MaxMetaspaceSize: unlimited
CompressedClassSpaceSize: 1.00 GB
Initial GC threshold: 21.00 MB
Current GC threshold: 104.06 MB
CDS: on
MetaspaceReclaimPolicy: balanced
 - commit_granule_bytes: 65536.
 - commit_granule_words: 8192.
 - virtual_space_node_default_size: 1048576.
 - enlarge_chunks_in_place: 1.
 - new_chunks_are_fully_committed: 0.
 - uncommit_free_chunks: 1.
 - use_allocation_guard: 0.
 - handle_deallocations: 1.


Internal statistics:

num_allocs_failed_limit: 6.
num_arena_births: 808.
num_arena_deaths: 0.
num_vsnodes_births: 8.
num_vsnodes_deaths: 0.
num_space_committed: 999.
num_space_uncommitted: 0.
num_chunks_returned_to_freelist: 6.
num_chunks_taken_from_freelist: 3135.
num_chunk_merges: 6.
num_chunk_splits: 2047.
num_chunks_enlarged: 1348.
num_purges: 0.
num_inconsistent_stats: 0.

CodeHeap 'non-profiled nmethods': size=120000Kb used=8153Kb max_used=8153Kb free=111846Kb
 bounds [0x000001e6d0790000, 0x000001e6d0f90000, 0x000001e6d7cc0000]
CodeHeap 'profiled nmethods': size=120000Kb used=14631Kb max_used=15663Kb free=105368Kb
 bounds [0x000001e6c9260000, 0x000001e6ca1b0000, 0x000001e6d0790000]
CodeHeap 'non-nmethods': size=5760Kb used=2385Kb max_used=2535Kb free=3374Kb
 bounds [0x000001e6c8cc0000, 0x000001e6c8f60000, 0x000001e6c9260000]
 total_blobs=8728 nmethods=7817 adapters=823
 compilation: enabled
              stopped_count=0, restarted_count=0
 full_count=0

Compilation events (20 events):
Event: 22.625 Thread 0x000001e6e518dbc0 9994       4       net.fabricmc.mappingio.format.Tiny2Reader::readClass (319 bytes)
Event: 22.626 Thread 0x000001e6eb2bc830 9989       4       net.fabricmc.mappingio.format.Tiny2Reader::readMethod (362 bytes)
Event: 22.633 Thread 0x000001e6e4255f10 nmethod 9975 0x000001e6d0f71910 code [0x000001e6d0f71b60, 0x000001e6d0f737d0]
Event: 22.633 Thread 0x000001e6e4255f10 9988       4       net.fabricmc.mappingio.format.Tiny2Reader::readElement (54 bytes)
Event: 22.634 Thread 0x000001e6e42768d0 9995       3       net.fabricmc.mappingio.format.Tiny2Util::unescape (149 bytes)
Event: 22.636 Thread 0x000001e6e42768d0 nmethod 9995 0x000001e6c9e20b10 code [0x000001e6c9e21000, 0x000001e6c9e23448]
Event: 22.641 Thread 0x000001e6e42768d0 9997       3       net.fabricmc.mappingio.format.Tiny2Reader::readComment (49 bytes)
Event: 22.642 Thread 0x000001e6e42768d0 nmethod 9997 0x000001e6c975a410 code [0x000001e6c975a660, 0x000001e6c975ae38]
Event: 22.651 Thread 0x000001e6e42768d0 9998   !   3       sun.nio.cs.StreamDecoder::inReady (36 bytes)
Event: 22.651 Thread 0x000001e6e42768d0 nmethod 9998 0x000001e6c9a1cc90 code [0x000001e6c9a1ce40, 0x000001e6c9a1d248]
Event: 22.672 Thread 0x000001e6e4255f10 nmethod 9988 0x000001e6d0f74490 code [0x000001e6d0f74780, 0x000001e6d0f76570]
Event: 22.673 Thread 0x000001e6e4255f10 9999       4       net.fabricmc.mappingio.adapter.MappingSourceNsSwitch::visitElementContent (482 bytes)
Event: 22.710 Thread 0x000001e6e42768d0 10003 %     3       net.fabricmc.mappingio.tree.MemoryMappingTree::accept @ 132 (176 bytes)
Event: 22.711 Thread 0x000001e6e42768d0 nmethod 10003% 0x000001e6c9d5c990 code [0x000001e6c9d5cca0, 0x000001e6c9d5e1f8]
Event: 22.724 Thread 0x000001e6e42768d0 10004       3       net.fabricmc.mappingio.tree.MemoryMappingTree::accept (176 bytes)
Event: 22.725 Thread 0x000001e6e42768d0 nmethod 10004 0x000001e6c92a0390 code [0x000001e6c92a06a0, 0x000001e6c92a1ab8]
Event: 22.764 Thread 0x000001e6e4255f10 nmethod 9999 0x000001e6d0f77d10 code [0x000001e6d0f78100, 0x000001e6d0f7b228]
Event: 22.764 Thread 0x000001e6e4255f10 9996       4       sun.nio.cs.UTF_8$Decoder::decodeArrayLoop (688 bytes)
Event: 22.782 Thread 0x000001e6e4255f10 nmethod 9996 0x000001e6d0f7ce90 code [0x000001e6d0f7d180, 0x000001e6d0f7ea90]
Event: 22.782 Thread 0x000001e6e4255f10 10007       4       net.fabricmc.mappingio.tree.MemoryMappingTree$MethodEntry::accept (119 bytes)

GC Heap History (20 events):
Event: 19.299 GC heap before
{Heap before GC invocations=51 (full 1):
 garbage-first heap   total 253952K, used 183760K [0x0000000700000000, 0x0000000800000000)
  region size 2048K, 46 young (94208K), 7 survivors (14336K)
 Metaspace       used 63217K, committed 63808K, reserved 1105920K
  class space    used 8464K, committed 8768K, reserved 1048576K
}
Event: 19.302 GC heap after
{Heap after GC invocations=52 (full 1):
 garbage-first heap   total 305152K, used 120767K [0x0000000700000000, 0x0000000800000000)
  region size 2048K, 6 young (12288K), 6 survivors (12288K)
 Metaspace       used 63217K, committed 63808K, reserved 1105920K
  class space    used 8464K, committed 8768K, reserved 1048576K
}
Event: 19.420 GC heap before
{Heap before GC invocations=52 (full 1):
 garbage-first heap   total 305152K, used 223167K [0x0000000700000000, 0x0000000800000000)
  region size 2048K, 56 young (114688K), 6 survivors (12288K)
 Metaspace       used 63224K, committed 63872K, reserved 1105920K
  class space    used 8464K, committed 8768K, reserved 1048576K
}
Event: 19.425 GC heap after
{Heap after GC invocations=53 (full 1):
 garbage-first heap   total 305152K, used 136619K [0x0000000700000000, 0x0000000800000000)
  region size 2048K, 7 young (14336K), 7 survivors (14336K)
 Metaspace       used 63224K, committed 63872K, reserved 1105920K
  class space    used 8464K, committed 8768K, reserved 1048576K
}
Event: 19.505 GC heap before
{Heap before GC invocations=53 (full 1):
 garbage-first heap   total 305152K, used 228779K [0x0000000700000000, 0x0000000800000000)
  region size 2048K, 52 young (106496K), 7 survivors (14336K)
 Metaspace       used 63225K, committed 63872K, reserved 1105920K
  class space    used 8464K, committed 8768K, reserved 1048576K
}
Event: 19.509 GC heap after
{Heap after GC invocations=54 (full 1):
 garbage-first heap   total 305152K, used 146660K [0x0000000700000000, 0x0000000800000000)
  region size 2048K, 5 young (10240K), 5 survivors (10240K)
 Metaspace       used 63225K, committed 63872K, reserved 1105920K
  class space    used 8464K, committed 8768K, reserved 1048576K
}
Event: 19.582 GC heap before
{Heap before GC invocations=54 (full 1):
 garbage-first heap   total 305152K, used 230628K [0x0000000700000000, 0x0000000800000000)
  region size 2048K, 47 young (96256K), 5 survivors (10240K)
 Metaspace       used 63235K, committed 63936K, reserved 1105920K
  class space    used 8464K, committed 8768K, reserved 1048576K
}
Event: 19.584 GC heap after
{Heap after GC invocations=55 (full 1):
 garbage-first heap   total 305152K, used 154549K [0x0000000700000000, 0x0000000800000000)
  region size 2048K, 5 young (10240K), 5 survivors (10240K)
 Metaspace       used 63235K, committed 63936K, reserved 1105920K
  class space    used 8464K, committed 8768K, reserved 1048576K
}
Event: 19.953 GC heap before
{Heap before GC invocations=56 (full 1):
 garbage-first heap   total 305152K, used 223153K [0x0000000700000000, 0x0000000800000000)
  region size 2048K, 45 young (92160K), 5 survivors (10240K)
 Metaspace       used 63236K, committed 63936K, reserved 1105920K
  class space    used 8464K, committed 8768K, reserved 1048576K
}
Event: 19.955 GC heap after
{Heap after GC invocations=57 (full 1):
 garbage-first heap   total 305152K, used 146940K [0x0000000700000000, 0x0000000800000000)
  region size 2048K, 3 young (6144K), 3 survivors (6144K)
 Metaspace       used 63236K, committed 63936K, reserved 1105920K
  class space    used 8464K, committed 8768K, reserved 1048576K
}
Event: 19.998 GC heap before
{Heap before GC invocations=57 (full 1):
 garbage-first heap   total 305152K, used 155132K [0x0000000700000000, 0x0000000800000000)
  region size 2048K, 7 young (14336K), 3 survivors (6144K)
 Metaspace       used 63236K, committed 63936K, reserved 1105920K
  class space    used 8464K, committed 8768K, reserved 1048576K
}
Event: 19.999 GC heap after
{Heap after GC invocations=58 (full 1):
 garbage-first heap   total 305152K, used 144555K [0x0000000700000000, 0x0000000800000000)
  region size 2048K, 1 young (2048K), 1 survivors (2048K)
 Metaspace       used 63236K, committed 63936K, reserved 1105920K
  class space    used 8464K, committed 8768K, reserved 1048576K
}
Event: 20.506 GC heap before
{Heap before GC invocations=58 (full 1):
 garbage-first heap   total 305152K, used 238763K [0x0000000700000000, 0x0000000800000000)
  region size 2048K, 47 young (96256K), 1 survivors (2048K)
 Metaspace       used 63236K, committed 63936K, reserved 1105920K
  class space    used 8464K, committed 8768K, reserved 1048576K
}
Event: 20.508 GC heap after
{Heap after GC invocations=59 (full 1):
 garbage-first heap   total 430080K, used 146008K [0x0000000700000000, 0x0000000800000000)
  region size 2048K, 1 young (2048K), 1 survivors (2048K)
 Metaspace       used 63236K, committed 63936K, reserved 1105920K
  class space    used 8464K, committed 8768K, reserved 1048576K
}
Event: 21.659 GC heap before
{Heap before GC invocations=60 (full 1):
 garbage-first heap   total 430080K, used 332376K [0x0000000700000000, 0x0000000800000000)
  region size 2048K, 92 young (188416K), 1 survivors (2048K)
 Metaspace       used 63237K, committed 63936K, reserved 1105920K
  class space    used 8464K, committed 8768K, reserved 1048576K
}
Event: 21.662 GC heap after
{Heap after GC invocations=61 (full 1):
 garbage-first heap   total 430080K, used 156877K [0x0000000700000000, 0x0000000800000000)
  region size 2048K, 7 young (14336K), 7 survivors (14336K)
 Metaspace       used 63237K, committed 63936K, reserved 1105920K
  class space    used 8464K, committed 8768K, reserved 1048576K
}
Event: 21.694 GC heap before
{Heap before GC invocations=61 (full 1):
 garbage-first heap   total 430080K, used 163021K [0x0000000700000000, 0x0000000800000000)
  region size 2048K, 10 young (20480K), 7 survivors (14336K)
 Metaspace       used 63237K, committed 63936K, reserved 1105920K
  class space    used 8464K, committed 8768K, reserved 1048576K
}
Event: 21.696 GC heap after
{Heap after GC invocations=62 (full 1):
 garbage-first heap   total 430080K, used 154586K [0x0000000700000000, 0x0000000800000000)
  region size 2048K, 1 young (2048K), 1 survivors (2048K)
 Metaspace       used 63237K, committed 63936K, reserved 1105920K
  class space    used 8464K, committed 8768K, reserved 1048576K
}
Event: 22.731 GC heap before
{Heap before GC invocations=62 (full 1):
 garbage-first heap   total 430080K, used 334810K [0x0000000700000000, 0x0000000800000000)
  region size 2048K, 89 young (182272K), 1 survivors (2048K)
 Metaspace       used 63320K, committed 63936K, reserved 1105920K
  class space    used 8466K, committed 8768K, reserved 1048576K
}
Event: 22.754 GC heap after
{Heap after GC invocations=63 (full 1):
 garbage-first heap   total 430080K, used 228096K [0x0000000700000000, 0x0000000800000000)
  region size 2048K, 12 young (24576K), 12 survivors (24576K)
 Metaspace       used 63320K, committed 63936K, reserved 1105920K
  class space    used 8466K, committed 8768K, reserved 1048576K
}

Deoptimization events (20 events):
Event: 22.776 Thread 0x000001e6e680ba90 DEOPT PACKING pc=0x000001e6ca01ee60 sp=0x00000079691f8be0
Event: 22.776 Thread 0x000001e6e680ba90 DEOPT UNPACKING pc=0x000001e6c8d12b43 sp=0x00000079691f80f0 mode 0
Event: 22.777 Thread 0x000001e6e680ba90 DEOPT PACKING pc=0x000001e6ca01ee60 sp=0x00000079691f8ac0
Event: 22.777 Thread 0x000001e6e680ba90 DEOPT UNPACKING pc=0x000001e6c8d12b43 sp=0x00000079691f7fd0 mode 0
Event: 22.778 Thread 0x000001e6e680ba90 DEOPT PACKING pc=0x000001e6ca01ee60 sp=0x00000079691f8ac0
Event: 22.778 Thread 0x000001e6e680ba90 DEOPT UNPACKING pc=0x000001e6c8d12b43 sp=0x00000079691f7fd0 mode 0
Event: 22.779 Thread 0x000001e6e680ba90 DEOPT PACKING pc=0x000001e6ca01ee60 sp=0x00000079691f8ac0
Event: 22.779 Thread 0x000001e6e680ba90 DEOPT UNPACKING pc=0x000001e6c8d12b43 sp=0x00000079691f7fd0 mode 0
Event: 22.779 Thread 0x000001e6e680ba90 DEOPT PACKING pc=0x000001e6ca01ee60 sp=0x00000079691f8af0
Event: 22.779 Thread 0x000001e6e680ba90 DEOPT UNPACKING pc=0x000001e6c8d12b43 sp=0x00000079691f8000 mode 0
Event: 22.782 Thread 0x000001e6e680ba90 DEOPT PACKING pc=0x000001e6ca01ee60 sp=0x00000079691f8ac0
Event: 22.782 Thread 0x000001e6e680ba90 DEOPT UNPACKING pc=0x000001e6c8d12b43 sp=0x00000079691f7fd0 mode 0
Event: 22.783 Thread 0x000001e6e680ba90 DEOPT PACKING pc=0x000001e6ca01ee60 sp=0x00000079691f8ac0
Event: 22.783 Thread 0x000001e6e680ba90 DEOPT UNPACKING pc=0x000001e6c8d12b43 sp=0x00000079691f7fd0 mode 0
Event: 22.784 Thread 0x000001e6e680ba90 DEOPT PACKING pc=0x000001e6ca01ee60 sp=0x00000079691f8be0
Event: 22.784 Thread 0x000001e6e680ba90 DEOPT UNPACKING pc=0x000001e6c8d12b43 sp=0x00000079691f80f0 mode 0
Event: 22.785 Thread 0x000001e6e680ba90 DEOPT PACKING pc=0x000001e6ca01ee60 sp=0x00000079691f8be0
Event: 22.785 Thread 0x000001e6e680ba90 DEOPT UNPACKING pc=0x000001e6c8d12b43 sp=0x00000079691f80f0 mode 0
Event: 22.785 Thread 0x000001e6e680ba90 DEOPT PACKING pc=0x000001e6ca01ee60 sp=0x00000079691f8ac0
Event: 22.785 Thread 0x000001e6e680ba90 DEOPT UNPACKING pc=0x000001e6c8d12b43 sp=0x00000079691f7fd0 mode 0

Classes unloaded (0 events):
No events

Classes redefined (0 events):
No events

Internal exceptions (20 events):
Event: 13.733 Thread 0x000001e6e671b500 Exception <a 'java/lang/NoSuchMethodError'{0x000000070e841d38}: static Lorg/gradle/tooling/internal/provider/serialization/WellKnownClassLoaderRegistry$KnownClassLoaderSpec;.<clinit>()V> (0x000000070e841d38) 
thrown [t:\workspace\open\src\hotspot\share\prims\jni.cpp, line 1107]
Event: 13.733 Thread 0x000001e6e671b500 Exception <a 'java/lang/NoSuchMethodError'{0x000000070e8433b0}: static Lorg/gradle/internal/classloader/ClassLoaderSpec;.<clinit>()V> (0x000000070e8433b0) 
thrown [t:\workspace\open\src\hotspot\share\prims\jni.cpp, line 1107]
Event: 13.733 Thread 0x000001e6e671b500 Exception <a 'java/lang/NoSuchMethodError'{0x000000070e855108}: static Lorg/gradle/internal/classloader/ClassLoaderSpec;.<clinit>()V> (0x000000070e855108) 
thrown [t:\workspace\open\src\hotspot\share\prims\jni.cpp, line 1107]
Event: 13.733 Thread 0x000001e6e671b500 Exception <a 'java/lang/NoSuchMethodError'{0x000000070e860ac0}: static Lorg/gradle/internal/classloader/VisitableURLClassLoader$Spec;.<clinit>()V> (0x000000070e860ac0) 
thrown [t:\workspace\open\src\hotspot\share\prims\jni.cpp, line 1107]
Event: 14.278 Thread 0x000001e6e680ba90 Exception <a 'sun/nio/fs/WindowsException'{0x000000070d569710}> (0x000000070d569710) 
thrown [t:\workspace\open\src\hotspot\share\prims\jni.cpp, line 516]
Event: 14.367 Thread 0x000001e6e680ba90 Exception <a 'sun/nio/fs/WindowsException'{0x000000070d1331e8}> (0x000000070d1331e8) 
thrown [t:\workspace\open\src\hotspot\share\prims\jni.cpp, line 516]
Event: 14.428 Thread 0x000001e6e69c6a20 Exception <a 'sun/nio/fs/WindowsException'{0x000000070cfe2420}> (0x000000070cfe2420) 
thrown [t:\workspace\open\src\hotspot\share\prims\jni.cpp, line 516]
Event: 14.428 Thread 0x000001e6e69c43a0 Exception <a 'sun/nio/fs/WindowsException'{0x000000070cc008f8}> (0x000000070cc008f8) 
thrown [t:\workspace\open\src\hotspot\share\prims\jni.cpp, line 516]
Event: 19.103 Thread 0x000001e6e680ba90 Exception <a 'sun/nio/fs/WindowsException'{0x000000070b05d6d0}> (0x000000070b05d6d0) 
thrown [t:\workspace\open\src\hotspot\share\prims\jni.cpp, line 516]
Event: 19.103 Thread 0x000001e6e680ba90 Exception <a 'sun/nio/fs/WindowsException'{0x000000070b05ecd8}> (0x000000070b05ecd8) 
thrown [t:\workspace\open\src\hotspot\share\prims\jni.cpp, line 516]
Event: 19.103 Thread 0x000001e6e680ba90 Exception <a 'sun/nio/fs/WindowsException'{0x000000070b061070}> (0x000000070b061070) 
thrown [t:\workspace\open\src\hotspot\share\prims\jni.cpp, line 516]
Event: 19.103 Thread 0x000001e6e680ba90 Exception <a 'sun/nio/fs/WindowsException'{0x000000070b061340}> (0x000000070b061340) 
thrown [t:\workspace\open\src\hotspot\share\prims\jni.cpp, line 516]
Event: 22.111 Thread 0x000001e6e680ba90 Exception <a 'sun/nio/fs/WindowsException'{0x0000000715c0b3c0}> (0x0000000715c0b3c0) 
thrown [t:\workspace\open\src\hotspot\share\prims\jni.cpp, line 516]
Event: 22.111 Thread 0x000001e6e680ba90 Exception <a 'sun/nio/fs/WindowsException'{0x0000000715c0b5c8}> (0x0000000715c0b5c8) 
thrown [t:\workspace\open\src\hotspot\share\prims\jni.cpp, line 516]
Event: 22.128 Thread 0x000001e6e680ba90 Exception <a 'sun/nio/fs/WindowsException'{0x0000000715cd8ba0}> (0x0000000715cd8ba0) 
thrown [t:\workspace\open\src\hotspot\share\prims\jni.cpp, line 516]
Event: 22.128 Thread 0x000001e6e680ba90 Exception <a 'sun/nio/fs/WindowsException'{0x0000000715cd9ba0}> (0x0000000715cd9ba0) 
thrown [t:\workspace\open\src\hotspot\share\prims\jni.cpp, line 516]
Event: 22.138 Thread 0x000001e6e680ba90 Exception <a 'sun/nio/fs/WindowsException'{0x0000000715a7a440}> (0x0000000715a7a440) 
thrown [t:\workspace\open\src\hotspot\share\prims\jni.cpp, line 516]
Event: 22.164 Thread 0x000001e6e680ba90 Exception <a 'sun/nio/fs/WindowsException'{0x0000000715a963a0}> (0x0000000715a963a0) 
thrown [t:\workspace\open\src\hotspot\share\prims\jni.cpp, line 516]
Event: 22.164 Thread 0x000001e6e680ba90 Exception <a 'sun/nio/fs/WindowsException'{0x0000000715a97808}> (0x0000000715a97808) 
thrown [t:\workspace\open\src\hotspot\share\prims\jni.cpp, line 516]
Event: 22.544 Thread 0x000001e6e680ba90 Exception <a 'sun/nio/fs/WindowsException'{0x0000000715ab8300}> (0x0000000715ab8300) 
thrown [t:\workspace\open\src\hotspot\share\prims\jni.cpp, line 516]

VM Operations (20 events):
Event: 19.953 Executing VM operation: G1CollectForAllocation
Event: 19.955 Executing VM operation: G1CollectForAllocation done
Event: 19.998 Executing VM operation: G1CollectForAllocation
Event: 19.999 Executing VM operation: G1CollectForAllocation done
Event: 20.506 Executing VM operation: G1CollectForAllocation
Event: 20.508 Executing VM operation: G1CollectForAllocation done
Event: 20.538 Executing VM operation: G1Concurrent
Event: 20.541 Executing VM operation: G1Concurrent done
Event: 20.555 Executing VM operation: G1Concurrent
Event: 20.555 Executing VM operation: G1Concurrent done
Event: 21.560 Executing VM operation: Cleanup
Event: 21.560 Executing VM operation: Cleanup done
Event: 21.659 Executing VM operation: G1CollectForAllocation
Event: 21.662 Executing VM operation: G1CollectForAllocation done
Event: 21.694 Executing VM operation: G1CollectForAllocation
Event: 21.697 Executing VM operation: G1CollectForAllocation done
Event: 22.595 Executing VM operation: HandshakeAllThreads
Event: 22.595 Executing VM operation: HandshakeAllThreads done
Event: 22.730 Executing VM operation: G1CollectForAllocation
Event: 22.754 Executing VM operation: G1CollectForAllocation done

Events (20 events):
Event: 21.294 Thread 0x000001e6eb2b4840 Thread exited: 0x000001e6eb2b4840
Event: 22.123 Thread 0x000001e6ea0b82d0 Thread added: 0x000001e6ea0b82d0
Event: 22.130 Thread 0x000001e6e518dbc0 Thread added: 0x000001e6e518dbc0
Event: 22.134 Thread 0x000001e6e5f61100 Thread added: 0x000001e6e5f61100
Event: 22.166 Thread 0x000001e6ea0b65f0 Thread added: 0x000001e6ea0b65f0
Event: 22.201 Thread 0x000001e6ea0bbc90 Thread added: 0x000001e6ea0bbc90
Event: 22.201 Thread 0x000001e6ea0b5c50 Thread added: 0x000001e6ea0b5c50
Event: 22.203 loading class sun/security/ssl/PreSharedKeyExtension$PskIdentity
Event: 22.203 loading class sun/security/ssl/PreSharedKeyExtension$PskIdentity done
Event: 22.203 loading class sun/security/ssl/PreSharedKeyExtension$CHPreSharedKeySpec
Event: 22.203 loading class sun/security/ssl/PreSharedKeyExtension$CHPreSharedKeySpec done
Event: 22.203 loading class sun/security/ssl/PreSharedKeyExtension$PartialClientHelloMessage
Event: 22.203 loading class sun/security/ssl/PreSharedKeyExtension$PartialClientHelloMessage done
Event: 22.395 Thread 0x000001e6e5f61100 Thread exited: 0x000001e6e5f61100
Event: 22.552 Thread 0x000001e6e518dbc0 Thread exited: 0x000001e6e518dbc0
Event: 22.568 Thread 0x000001e6e518dbc0 Thread added: 0x000001e6e518dbc0
Event: 22.601 Thread 0x000001e6e4c10060 flushing nmethod 0x000001e6c962b190
Event: 22.606 Thread 0x000001e6e4c10060 flushing nmethod 0x000001e6c9e21290
Event: 22.608 Thread 0x000001e6e4c10060 flushing nmethod 0x000001e6ca199410
Event: 22.625 Thread 0x000001e6eb2bc830 Thread added: 0x000001e6eb2bc830


Dynamic libraries:
0x00007ff6079e0000 - 0x00007ff6079f0000 	C:\Program Files\Java\jdk-17.0.1\bin\java.exe
0x00007ff994bb0000 - 0x00007ff994da8000 	C:\WINDOWS\SYSTEM32\ntdll.dll
0x00007ff96c020000 - 0x00007ff96c037000 	C:\Program Files\AVAST Software\Avast\aswhook.dll
0x00007ff994940000 - 0x00007ff9949ff000 	C:\WINDOWS\System32\KERNEL32.DLL
0x00007ff992490000 - 0x00007ff992762000 	C:\WINDOWS\System32\KERNELBASE.dll
0x00007ff992a60000 - 0x00007ff992b60000 	C:\WINDOWS\System32\ucrtbase.dll
0x00007ff98d940000 - 0x00007ff98d958000 	C:\Program Files\Java\jdk-17.0.1\bin\jli.dll
0x00007ff98d920000 - 0x00007ff98d93a000 	C:\Program Files\Java\jdk-17.0.1\bin\VCRUNTIME140.dll
0x00007ff993ba0000 - 0x00007ff993c4e000 	C:\WINDOWS\System32\ADVAPI32.dll
0x00007ff994a00000 - 0x00007ff994a9e000 	C:\WINDOWS\System32\msvcrt.dll
0x00007ff993780000 - 0x00007ff99381c000 	C:\WINDOWS\System32\sechost.dll
0x00007ff994730000 - 0x00007ff994855000 	C:\WINDOWS\System32\RPCRT4.dll
0x00007ff992c50000 - 0x00007ff992df1000 	C:\WINDOWS\System32\USER32.dll
0x00007ff992350000 - 0x00007ff992372000 	C:\WINDOWS\System32\win32u.dll
0x00007ff9813c0000 - 0x00007ff98165a000 	C:\WINDOWS\WinSxS\amd64_microsoft.windows.common-controls_6595b64144ccf1df_6.0.19041.1110_none_60b5254171f9507e\COMCTL32.dll
0x00007ff992ef0000 - 0x00007ff992f1b000 	C:\WINDOWS\System32\GDI32.dll
0x00007ff9927c0000 - 0x00007ff9928cf000 	C:\WINDOWS\System32\gdi32full.dll
0x00007ff9923f0000 - 0x00007ff99248d000 	C:\WINDOWS\System32\msvcp_win.dll
0x00007ff98acc0000 - 0x00007ff98acca000 	C:\WINDOWS\SYSTEM32\VERSION.dll
0x00007ff994b30000 - 0x00007ff994b62000 	C:\WINDOWS\System32\IMM32.DLL
0x00007ff98d910000 - 0x00007ff98d91c000 	C:\Program Files\Java\jdk-17.0.1\bin\vcruntime140_1.dll
0x00007ff96c4e0000 - 0x00007ff96c56d000 	C:\Program Files\Java\jdk-17.0.1\bin\msvcp140.dll
0x00007ff942ae0000 - 0x00007ff94369e000 	C:\Program Files\Java\jdk-17.0.1\bin\server\jvm.dll
0x00007ff994b20000 - 0x00007ff994b28000 	C:\WINDOWS\System32\PSAPI.DLL
0x00007ff989700000 - 0x00007ff989727000 	C:\WINDOWS\SYSTEM32\WINMM.dll
0x00007ff983440000 - 0x00007ff983449000 	C:\WINDOWS\SYSTEM32\WSOCK32.dll
0x00007ff993df0000 - 0x00007ff993e5b000 	C:\WINDOWS\System32\WS2_32.dll
0x00007ff990b10000 - 0x00007ff990b22000 	C:\WINDOWS\SYSTEM32\kernel.appcore.dll
0x00007ff98d900000 - 0x00007ff98d90a000 	C:\Program Files\Java\jdk-17.0.1\bin\jimage.dll
0x00007ff98fe90000 - 0x00007ff990074000 	C:\WINDOWS\SYSTEM32\DBGHELP.DLL
0x00007ff989260000 - 0x00007ff989295000 	C:\WINDOWS\SYSTEM32\dbgcore.DLL
0x00007ff992b60000 - 0x00007ff992be2000 	C:\WINDOWS\System32\bcryptPrimitives.dll
0x00007ff96ac80000 - 0x00007ff96aca5000 	C:\Program Files\Java\jdk-17.0.1\bin\java.dll
0x00007ff956830000 - 0x00007ff956906000 	C:\Program Files\Java\jdk-17.0.1\bin\svml.dll
0x00007ff993e60000 - 0x00007ff9945a4000 	C:\WINDOWS\System32\SHELL32.dll
0x00007ff990360000 - 0x00007ff990af2000 	C:\WINDOWS\SYSTEM32\windows.storage.dll
0x00007ff993420000 - 0x00007ff993775000 	C:\WINDOWS\System32\combase.dll
0x00007ff991c20000 - 0x00007ff991c50000 	C:\WINDOWS\SYSTEM32\Wldp.dll
0x00007ff994680000 - 0x00007ff99472d000 	C:\WINDOWS\System32\SHCORE.dll
0x00007ff992f20000 - 0x00007ff992f75000 	C:\WINDOWS\System32\shlwapi.dll
0x00007ff9921e0000 - 0x00007ff9921ff000 	C:\WINDOWS\SYSTEM32\profapi.dll
0x00007ff96dde0000 - 0x00007ff96ddf9000 	C:\Program Files\Java\jdk-17.0.1\bin\net.dll
0x00007ff989ff0000 - 0x00007ff98a0fc000 	C:\WINDOWS\SYSTEM32\WINHTTP.dll
0x00007ff991980000 - 0x00007ff9919ea000 	C:\WINDOWS\system32\mswsock.dll
0x00007ff96dd00000 - 0x00007ff96dd15000 	C:\Program Files\Java\jdk-17.0.1\bin\nio.dll
0x00007ff96be10000 - 0x00007ff96be28000 	C:\Program Files\Java\jdk-17.0.1\bin\zip.dll
0x00007ff977ad0000 - 0x00007ff977ae0000 	C:\Program Files\Java\jdk-17.0.1\bin\verify.dll
0x00007ff965950000 - 0x00007ff965977000 	C:\Users\Hunor\.gradle\native\e1d6ef7f7dcc3fd88c89a11ec53ec762bb8ba0a96d01ffa2cd45eb1d1d8dd5c5\windows-amd64\native-platform.dll
0x00007ff959d40000 - 0x00007ff959e84000 	C:\Users\Hunor\.gradle\native\0d407fdbe67a94daf76414ababcb853783967236a71b16ec16e742cd7a986fd3\windows-amd64\native-platform-file-events.dll
0x00007ff979970000 - 0x00007ff979979000 	C:\Program Files\Java\jdk-17.0.1\bin\management.dll
0x00007ff977f30000 - 0x00007ff977f3b000 	C:\Program Files\Java\jdk-17.0.1\bin\management_ext.dll
0x00007ff991b70000 - 0x00007ff991b88000 	C:\WINDOWS\SYSTEM32\CRYPTSP.dll
0x00007ff9912a0000 - 0x00007ff9912d4000 	C:\WINDOWS\system32\rsaenh.dll
0x00007ff9928d0000 - 0x00007ff9928f7000 	C:\WINDOWS\System32\bcrypt.dll
0x00007ff9921a0000 - 0x00007ff9921ce000 	C:\WINDOWS\SYSTEM32\USERENV.dll
0x00007ff991b90000 - 0x00007ff991b9c000 	C:\WINDOWS\SYSTEM32\CRYPTBASE.dll
0x00007ff991670000 - 0x00007ff9916ab000 	C:\WINDOWS\SYSTEM32\IPHLPAPI.DLL
0x00007ff993d80000 - 0x00007ff993d88000 	C:\WINDOWS\System32\NSI.dll
0x00007ff98b0d0000 - 0x00007ff98b0e7000 	C:\WINDOWS\SYSTEM32\dhcpcsvc6.DLL
0x00007ff98b0b0000 - 0x00007ff98b0cd000 	C:\WINDOWS\SYSTEM32\dhcpcsvc.DLL
0x00007ff9916b0000 - 0x00007ff99177a000 	C:\WINDOWS\SYSTEM32\DNSAPI.dll
0x00007ff977b30000 - 0x00007ff977b3e000 	C:\Program Files\Java\jdk-17.0.1\bin\sunmscapi.dll
0x00007ff992900000 - 0x00007ff992a56000 	C:\WINDOWS\System32\CRYPT32.dll
0x00007ff991c90000 - 0x00007ff991cb7000 	C:\WINDOWS\SYSTEM32\ncrypt.dll
0x00007ff991c50000 - 0x00007ff991c8b000 	C:\WINDOWS\SYSTEM32\NTASN1.dll
0x00007ff98f680000 - 0x00007ff98f687000 	C:\WINDOWS\system32\wshunix.dll
0x00007ff983790000 - 0x00007ff98379a000 	C:\Windows\System32\rasadhlp.dll
0x00007ff983150000 - 0x00007ff9831d0000 	C:\WINDOWS\System32\fwpuclnt.dll

dbghelp: loaded successfully - version: 4.0.5 - missing functions: none
symbol engine: initialized successfully - sym options: 0x614 - pdb path: .;C:\Program Files\Java\jdk-17.0.1\bin;C:\WINDOWS\SYSTEM32;C:\Program Files\AVAST Software\Avast;C:\WINDOWS\WinSxS\amd64_microsoft.windows.common-controls_6595b64144ccf1df_6.0.19041.1110_none_60b5254171f9507e;C:\Program Files\Java\jdk-17.0.1\bin\server;C:\Users\Hunor\.gradle\native\e1d6ef7f7dcc3fd88c89a11ec53ec762bb8ba0a96d01ffa2cd45eb1d1d8dd5c5\windows-amd64;C:\Users\Hunor\.gradle\native\0d407fdbe67a94daf76414ababcb853783967236a71b16ec16e742cd7a986fd3\windows-amd64

VM Arguments:
jvm_args: --add-opens=java.base/java.util=ALL-UNNAMED --add-opens=java.base/java.lang=ALL-UNNAMED --add-opens=java.base/java.lang.invoke=ALL-UNNAMED --add-opens=java.base/java.util=ALL-UNNAMED --add-opens=java.prefs/java.util.prefs=ALL-UNNAMED --add-opens=java.prefs/java.util.prefs=ALL-UNNAMED --add-opens=java.base/java.nio.charset=ALL-UNNAMED --add-opens=java.base/java.net=ALL-UNNAMED --add-opens=java.base/java.util.concurrent.atomic=ALL-UNNAMED -Xmx4096M -Dfile.encoding=utf8 -Duser.country=US -Duser.language=en -Duser.variant 
java_command: org.gradle.launcher.daemon.bootstrap.GradleDaemon 7.5.1
java_class_path (initial): C:\Users\Hunor\.gradle\wrapper\dists\gradle-7.5.1-bin\7jzzequgds1hbszbhq3npc5ng\gradle-7.5.1\lib\gradle-launcher-7.5.1.jar
Launcher Type: SUN_STANDARD

[Global flags]
     intx CICompilerCount                          = 4                                         {product} {ergonomic}
     uint ConcGCThreads                            = 2                                         {product} {ergonomic}
     uint G1ConcRefinementThreads                  = 8                                         {product} {ergonomic}
   size_t G1HeapRegionSize                         = 2097152                                   {product} {ergonomic}
    uintx GCDrainStackTargetSize                   = 64                                        {product} {ergonomic}
   size_t InitialHeapSize                          = 268435456                                 {product} {ergonomic}
   size_t MarkStackSize                            = 4194304                                   {product} {ergonomic}
   size_t MaxHeapSize                              = 4294967296                                {product} {command line}
   size_t MaxNewSize                               = 2575302656                                {product} {ergonomic}
   size_t MinHeapDeltaBytes                        = 2097152                                   {product} {ergonomic}
   size_t MinHeapSize                              = 8388608                                   {product} {ergonomic}
    uintx NonNMethodCodeHeapSize                   = 5839372                                {pd product} {ergonomic}
    uintx NonProfiledCodeHeapSize                  = 122909434                              {pd product} {ergonomic}
    uintx ProfiledCodeHeapSize                     = 122909434                              {pd product} {ergonomic}
    uintx ReservedCodeCacheSize                    = 251658240                              {pd product} {ergonomic}
     bool SegmentedCodeCache                       = true                                      {product} {ergonomic}
   size_t SoftMaxHeapSize                          = 4294967296                             {manageable} {ergonomic}
     bool UseCompressedClassPointers               = true                           {product lp64_product} {ergonomic}
     bool UseCompressedOops                        = true                           {product lp64_product} {ergonomic}
     bool UseG1GC                                  = true                                      {product} {ergonomic}
     bool UseLargePagesIndividualAllocation        = false                                  {pd product} {ergonomic}

Logging:
Log output configuration:
 #0: stdout all=warning uptime,level,tags
 #1: stderr all=off uptime,level,tags

Environment Variables:
JAVA_HOME=C:\Program Files\Java\jdk-17.0.1
PATH=C:\Program Files\Java\jdk-17.0.1\bin;C:\Program Files\Common Files\Oracle\Java\javapath;C:\Program Files (x86)\Common Files\Oracle\Java\javapath;C:\Program Files (x86)\Razer Chroma SDK\bin;C:\Program Files\Razer Chroma SDK\bin;C:\ProgramData\Oracle\Java\javapath;C:\Program Files (x86)\Intel\iCLS Client\;C:\Program Files\Intel\iCLS Client\;C:\Windows\system32;C:\Windows;C:\Windows\System32\Wbem;C:\Windows\System32\WindowsPowerShell\v1.0\;C:\Program Files (x86)\Intel\Intel(R) Management Engine Components\DAL;C:\Program Files\Intel\Intel(R) Management Engine Components\DAL;C:\Program Files (x86)\Intel\Intel(R) Management Engine Components\IPT;C:\Program Files\Intel\Intel(R) Management Engine Components\IPT;C:\Program Files (x86)\NVIDIA Corporation\PhysX\Common;C:\Program Files (x86)\GtkSharp\2.12\bin;C:\WINDOWS\system32;C:\WINDOWS;C:\WINDOWS\System32\Wbem;C:\WINDOWS\System32\WindowsPowerShell\v1.0\;C:\WINDOWS\system32\config\systemprofile\AppData\Local\Microsoft\WindowsApps;C:\WINDOWS\System32\OpenSSH\;C:\Program Files\Git\cmd;D:\Programs\NodeJs\;C:\Program Files\dotnet\;C:\Users\Hunor\AppData\Local\Programs\Python\Python39\Scripts\;C:\Users\Hunor\AppData\Local\Programs\Python\Python39\;C:\Users\Hunor\AppData\Local\Microsoft\WindowsApps;C:\Users\Hunor\AppData\Local\GitHubDesktop\bin;C:\Users\Hunor\AppData\Local\atom\bin;C:\Users\Hunor\AppData\Local\Microsoft\WindowsApps;C:\Program Files\heroku\bin;C:\Users\Hunor\AppData\Roaming\npm;C:\Users\Hunor\AppData\Local\Programs\Microsoft VS Code\bin
USERNAME=Hunor
OS=Windows_NT
PROCESSOR_IDENTIFIER=Intel64 Family 6 Model 158 Stepping 9, GenuineIntel



---------------  S Y S T E M  ---------------

OS:
 Windows 10 , 64 bit Build 19041 (10.0.19041.2364)
OS uptime: 0 days 4:36 hours

CPU: total 8 (initial active 8) (4 cores per cpu, 2 threads per core) family 6 model 158 stepping 9 microcode 0xb4, cx8, cmov, fxsr, ht, mmx, 3dnowpref, sse, sse2, sse3, ssse3, sse4.1, sse4.2, popcnt, lzcnt, tsc, tscinvbit, avx, avx2, aes, erms, clmul, bmi1, bmi2, rtm, adx, fma, vzeroupper, clflush, clflushopt

Memory: 4k page, system-wide physical 16322M (2803M free)
TotalPageFile size 24514M (AvailPageFile size 5M)
current process WorkingSet (physical memory assigned to process): 656M, peak: 659M
current process commit charge ("private bytes"): 705M, peak: 707M

vm_info: Java HotSpot(TM) 64-Bit Server VM (17.0.1+12-LTS-39) for windows-amd64 JRE (17.0.1+12-LTS-39), built on Sep 27 2021 18:41:35 by "mach5one" with MS VC++ 16.8 (VS2019)

END.
